<?xml version="1.0" encoding="UTF-8"?>
<coverage generated="1554956329958" clover="3.2.0">
  <project timestamp="1554956329959" name="All files">
    <metrics statements="192" coveredstatements="155" conditionals="64" coveredconditionals="40" methods="85" coveredmethods="72" elements="341" coveredelements="267" complexity="0" loc="192" ncloc="192" packages="2" files="18" classes="18">
      <package name="src">
        <metrics statements="30" coveredstatements="25" conditionals="0" coveredconditionals="0" methods="11" coveredmethods="10"/>
        <file name="helpers.js" path="/Users/jacobbogart/Turing/queenly/src/helpers.js">
          <metrics statements="24" coveredstatements="24" conditionals="0" coveredconditionals="0" methods="11" coveredmethods="10"/>
          <line num="2" count="4" type="stmt"/>
          <line num="3" count="4" type="stmt"/>
          <line num="4" count="4" type="stmt"/>
          <line num="5" count="4" type="stmt"/>
          <line num="7" count="4" type="stmt"/>
          <line num="11" count="5" type="stmt"/>
          <line num="12" count="5" type="stmt"/>
          <line num="13" count="5" type="stmt"/>
          <line num="14" count="5" type="stmt"/>
          <line num="16" count="5" type="stmt"/>
          <line num="18" count="5" type="stmt"/>
          <line num="22" count="5" type="stmt"/>
          <line num="23" count="5" type="stmt"/>
          <line num="24" count="5" type="stmt"/>
          <line num="25" count="5" type="stmt"/>
          <line num="26" count="5" type="stmt"/>
          <line num="28" count="5" type="stmt"/>
          <line num="30" count="5" type="stmt"/>
          <line num="34" count="5" type="stmt"/>
          <line num="35" count="5" type="stmt"/>
          <line num="36" count="5" type="stmt"/>
          <line num="37" count="4" type="stmt"/>
          <line num="39" count="5" type="stmt"/>
          <line num="41" count="5" type="stmt"/>
        </file>
        <file name="index.js" path="/Users/jacobbogart/Turing/queenly/src/index.js">
          <metrics statements="5" coveredstatements="0" conditionals="0" coveredconditionals="0" methods="0" coveredmethods="0"/>
          <line num="1" count="0" type="stmt"/>
          <line num="2" count="0" type="stmt"/>
          <line num="3" count="0" type="stmt"/>
          <line num="4" count="0" type="stmt"/>
          <line num="6" count="0" type="stmt"/>
        </file>
        <file name="setupTests.js" path="/Users/jacobbogart/Turing/queenly/src/setupTests.js">
          <metrics statements="1" coveredstatements="1" conditionals="0" coveredconditionals="0" methods="0" coveredmethods="0"/>
          <line num="4" count="15" type="stmt"/>
        </file>
      </package>
      <package name="src.components">
        <metrics statements="162" coveredstatements="130" conditionals="64" coveredconditionals="40" methods="74" coveredmethods="62"/>
        <file name="App.js" path="/Users/jacobbogart/Turing/queenly/src/components/App.js">
          <metrics statements="33" coveredstatements="27" conditionals="12" coveredconditionals="11" methods="18" coveredmethods="12"/>
          <line num="13" count="13" type="stmt"/>
          <line num="14" count="13" type="stmt"/>
          <line num="29" count="13" type="stmt"/>
          <line num="30" count="13" type="stmt"/>
          <line num="33" count="13" type="stmt"/>
          <line num="36" count="0" type="stmt"/>
          <line num="37" count="0" type="stmt"/>
          <line num="38" count="0" type="stmt"/>
          <line num="40" count="13" type="stmt"/>
          <line num="43" count="0" type="stmt"/>
          <line num="44" count="0" type="stmt"/>
          <line num="45" count="0" type="stmt"/>
          <line num="49" count="1" type="stmt"/>
          <line num="55" count="1" type="cond" truecount="1" falsecount="1"/>
          <line num="66" count="1" type="stmt"/>
          <line num="72" count="3" type="cond" truecount="4" falsecount="0"/>
          <line num="73" count="2" type="stmt"/>
          <line num="76" count="3" type="stmt"/>
          <line num="85" count="3" type="stmt"/>
          <line num="93" count="2" type="stmt"/>
          <line num="102" count="1" type="stmt"/>
          <line num="109" count="1" type="stmt"/>
          <line num="116" count="1" type="stmt"/>
          <line num="124" count="1" type="stmt"/>
          <line num="133" count="45" type="stmt"/>
          <line num="144" count="45" type="stmt"/>
          <line num="152" count="45" type="stmt"/>
          <line num="162" count="45" type="cond" truecount="2" falsecount="0"/>
          <line num="163" count="35" type="stmt"/>
          <line num="164" count="10" type="cond" truecount="2" falsecount="0"/>
          <line num="165" count="3" type="stmt"/>
          <line num="167" count="7" type="stmt"/>
          <line num="170" count="45" type="stmt"/>
        </file>
        <file name="Bar_Main.js" path="/Users/jacobbogart/Turing/queenly/src/components/Bar_Main.js">
          <metrics statements="4" coveredstatements="4" conditionals="2" coveredconditionals="1" methods="2" coveredmethods="2"/>
          <line num="8" count="1" type="stmt"/>
          <line num="13" count="1" type="stmt"/>
          <line num="15" count="1" type="stmt"/>
          <line num="17" count="1" type="stmt"/>
        </file>
        <file name="Card.js" path="/Users/jacobbogart/Turing/queenly/src/components/Card.js">
          <metrics statements="39" coveredstatements="30" conditionals="16" coveredconditionals="11" methods="10" coveredmethods="9"/>
          <line num="15" count="7" type="stmt"/>
          <line num="17" count="7" type="stmt"/>
          <line num="31" count="7" type="stmt"/>
          <line num="35" count="7" type="cond" truecount="2" falsecount="0"/>
          <line num="36" count="3" type="stmt"/>
          <line num="37" count="3" type="cond" truecount="1" falsecount="1"/>
          <line num="38" count="0" type="stmt"/>
          <line num="46" count="6" type="cond" truecount="2" falsecount="0"/>
          <line num="47" count="2" type="stmt"/>
          <line num="49" count="4" type="stmt"/>
          <line num="51" count="6" type="stmt"/>
          <line num="57" count="1" type="stmt"/>
          <line num="58" count="1" type="stmt"/>
          <line num="59" count="1" type="stmt"/>
          <line num="60" count="1" type="stmt"/>
          <line num="61" count="1" type="stmt"/>
          <line num="66" count="2" type="cond" truecount="1" falsecount="1"/>
          <line num="67" count="0" type="stmt"/>
          <line num="68" count="0" type="stmt"/>
          <line num="69" count="0" type="stmt"/>
          <line num="71" count="2" type="stmt"/>
          <line num="72" count="2" type="stmt"/>
          <line num="74" count="2" type="stmt"/>
          <line num="79" count="13" type="stmt"/>
          <line num="80" count="13" type="stmt"/>
          <line num="82" count="13" type="stmt"/>
          <line num="84" count="13" type="cond" truecount="2" falsecount="0"/>
          <line num="85" count="9" type="stmt"/>
          <line num="86" count="9" type="cond" truecount="2" falsecount="0"/>
          <line num="87" count="2" type="stmt"/>
          <line num="91" count="13" type="cond" truecount="1" falsecount="1"/>
          <line num="92" count="13" type="stmt"/>
          <line num="97" count="13" type="stmt"/>
          <line num="98" count="0" type="cond" truecount="0" falsecount="2"/>
          <line num="99" count="0" type="stmt"/>
          <line num="104" count="0" type="stmt"/>
          <line num="106" count="0" type="stmt"/>
          <line num="111" count="0" type="stmt"/>
          <line num="114" count="13" type="stmt"/>
        </file>
        <file name="Favorites.js" path="/Users/jacobbogart/Turing/queenly/src/components/Favorites.js">
          <metrics statements="4" coveredstatements="4" conditionals="0" coveredconditionals="0" methods="3" coveredmethods="3"/>
          <line num="5" count="2" type="stmt"/>
          <line num="9" count="1" type="stmt"/>
          <line num="10" count="1" type="stmt"/>
          <line num="14" count="2" type="stmt"/>
        </file>
        <file name="Gallery.js" path="/Users/jacobbogart/Turing/queenly/src/components/Gallery.js">
          <metrics statements="11" coveredstatements="5" conditionals="6" coveredconditionals="2" methods="5" coveredmethods="2"/>
          <line num="10" count="1" type="stmt"/>
          <line num="16" count="1" type="cond" truecount="1" falsecount="1"/>
          <line num="17" count="0" type="stmt"/>
          <line num="18" count="1" type="cond" truecount="1" falsecount="1"/>
          <line num="19" count="1" type="stmt"/>
          <line num="20" count="0" type="cond" truecount="0" falsecount="2"/>
          <line num="21" count="0" type="stmt"/>
          <line num="22" count="0" type="stmt"/>
          <line num="23" count="0" type="stmt"/>
          <line num="26" count="1" type="stmt"/>
          <line num="29" count="0" type="stmt"/>
        </file>
        <file name="Hamburger.js" path="/Users/jacobbogart/Turing/queenly/src/components/Hamburger.js">
          <metrics statements="10" coveredstatements="10" conditionals="4" coveredconditionals="4" methods="5" coveredmethods="5"/>
          <line num="5" count="5" type="stmt"/>
          <line num="6" count="5" type="stmt"/>
          <line num="12" count="3" type="cond" truecount="2" falsecount="0"/>
          <line num="18" count="1" type="stmt"/>
          <line num="22" count="1" type="stmt"/>
          <line num="23" count="1" type="stmt"/>
          <line num="24" count="1" type="stmt"/>
          <line num="28" count="9" type="cond" truecount="2" falsecount="0"/>
          <line num="29" count="2" type="stmt"/>
          <line num="55" count="7" type="stmt"/>
        </file>
        <file name="NavBar.js" path="/Users/jacobbogart/Turing/queenly/src/components/NavBar.js">
          <metrics statements="6" coveredstatements="6" conditionals="2" coveredconditionals="2" methods="3" coveredmethods="3"/>
          <line num="9" count="7" type="stmt"/>
          <line num="13" count="1" type="stmt"/>
          <line num="17" count="7" type="cond" truecount="2" falsecount="0"/>
          <line num="19" count="5" type="stmt"/>
          <line num="21" count="5" type="stmt"/>
          <line num="24" count="7" type="stmt"/>
        </file>
        <file name="Queen_Main.js" path="/Users/jacobbogart/Turing/queenly/src/components/Queen_Main.js">
          <metrics statements="4" coveredstatements="4" conditionals="0" coveredconditionals="0" methods="2" coveredmethods="2"/>
          <line num="7" count="1" type="stmt"/>
          <line num="12" count="1" type="stmt"/>
          <line num="14" count="1" type="stmt"/>
          <line num="16" count="1" type="stmt"/>
        </file>
        <file name="SearchBar.js" path="/Users/jacobbogart/Turing/queenly/src/components/SearchBar.js">
          <metrics statements="13" coveredstatements="11" conditionals="4" coveredconditionals="2" methods="7" coveredmethods="5"/>
          <line num="7" count="6" type="stmt"/>
          <line num="8" count="6" type="stmt"/>
          <line num="14" count="1" type="cond" truecount="1" falsecount="1"/>
          <line num="15" count="1" type="stmt"/>
          <line num="16" count="1" type="stmt"/>
          <line num="23" count="3" type="stmt"/>
          <line num="24" count="3" type="stmt"/>
          <line num="25" count="3" type="stmt"/>
          <line num="26" count="3" type="stmt"/>
          <line num="30" count="0" type="stmt"/>
          <line num="35" count="7" type="stmt"/>
          <line num="43" count="0" type="stmt"/>
          <line num="59" count="7" type="stmt"/>
        </file>
        <file name="SearchResults.js" path="/Users/jacobbogart/Turing/queenly/src/components/SearchResults.js">
          <metrics statements="8" coveredstatements="6" conditionals="4" coveredconditionals="2" methods="3" coveredmethods="3"/>
          <line num="8" count="1" type="stmt"/>
          <line num="14" count="1" type="cond" truecount="1" falsecount="1"/>
          <line num="15" count="0" type="stmt"/>
          <line num="18" count="1" type="stmt"/>
          <line num="19" count="1" type="stmt"/>
          <line num="28" count="1" type="cond" truecount="1" falsecount="1"/>
          <line num="29" count="0" type="stmt"/>
          <line num="32" count="1" type="stmt"/>
        </file>
        <file name="SearchSuggestion.js" path="/Users/jacobbogart/Turing/queenly/src/components/SearchSuggestion.js">
          <metrics statements="3" coveredstatements="3" conditionals="0" coveredconditionals="0" methods="3" coveredmethods="3"/>
          <line num="6" count="2" type="stmt"/>
          <line num="10" count="1" type="stmt"/>
          <line num="14" count="2" type="stmt"/>
        </file>
        <file name="Show_Main.js" path="/Users/jacobbogart/Turing/queenly/src/components/Show_Main.js">
          <metrics statements="14" coveredstatements="10" conditionals="10" coveredconditionals="4" methods="6" coveredmethods="6"/>
          <line num="7" count="1" type="stmt"/>
          <line num="8" count="1" type="stmt"/>
          <line num="12" count="1" type="cond" truecount="1" falsecount="1"/>
          <line num="13" count="1" type="cond" truecount="1" falsecount="3"/>
          <line num="15" count="0" type="stmt"/>
          <line num="17" count="1" type="stmt"/>
          <line num="19" count="0" type="stmt"/>
          <line num="21" count="0" type="stmt"/>
          <line num="24" count="0" type="stmt"/>
          <line num="29" count="1" type="cond" truecount="1" falsecount="1"/>
          <line num="33" count="1" type="stmt"/>
          <line num="35" count="1" type="stmt"/>
          <line num="85" count="1" type="stmt"/>
          <line num="87" count="1" type="stmt"/>
        </file>
        <file name="SplashPage.js" path="/Users/jacobbogart/Turing/queenly/src/components/SplashPage.js">
          <metrics statements="2" coveredstatements="2" conditionals="0" coveredconditionals="0" methods="1" coveredmethods="1"/>
          <line num="5" count="2" type="stmt"/>
          <line num="6" count="1" type="stmt"/>
        </file>
        <file name="Sub_Info.js" path="/Users/jacobbogart/Turing/queenly/src/components/Sub_Info.js">
          <metrics statements="8" coveredstatements="5" conditionals="4" coveredconditionals="1" methods="3" coveredmethods="3"/>
          <line num="7" count="1" type="stmt"/>
          <line num="13" count="1" type="cond" truecount="1" falsecount="1"/>
          <line num="14" count="1" type="stmt"/>
          <line num="15" count="0" type="cond" truecount="0" falsecount="2"/>
          <line num="16" count="0" type="stmt"/>
          <line num="20" count="0" type="stmt"/>
          <line num="26" count="1" type="stmt"/>
          <line num="29" count="1" type="stmt"/>
        </file>
        <file name="Thumbnail.js" path="/Users/jacobbogart/Turing/queenly/src/components/Thumbnail.js">
          <metrics statements="3" coveredstatements="3" conditionals="0" coveredconditionals="0" methods="3" coveredmethods="3"/>
          <line num="8" count="2" type="stmt"/>
          <line num="12" count="1" type="stmt"/>
          <line num="16" count="2" type="stmt"/>
        </file>
      </package>
    </metrics>
  </project>
</coverage>
