<?xml version="1.0" encoding="UTF-8"?>
<coverage generated="1554996690649" clover="3.2.0">
  <project timestamp="1554996690649" name="All files">
    <metrics statements="209" coveredstatements="172" conditionals="63" coveredconditionals="43" methods="90" coveredmethods="78" elements="362" coveredelements="293" complexity="0" loc="209" ncloc="209" packages="2" files="18" classes="18">
      <package name="src">
        <metrics statements="30" coveredstatements="25" conditionals="0" coveredconditionals="0" methods="11" coveredmethods="10"/>
        <file name="helpers.js" path="/Users/jacobbogart/Turing/queenly/src/helpers.js">
          <metrics statements="24" coveredstatements="24" conditionals="0" coveredconditionals="0" methods="11" coveredmethods="10"/>
          <line num="2" count="4" type="stmt"/>
          <line num="3" count="4" type="stmt"/>
          <line num="4" count="4" type="stmt"/>
          <line num="5" count="4" type="stmt"/>
          <line num="7" count="4" type="stmt"/>
          <line num="11" count="5" type="stmt"/>
          <line num="12" count="5" type="stmt"/>
          <line num="13" count="5" type="stmt"/>
          <line num="14" count="5" type="stmt"/>
          <line num="16" count="5" type="stmt"/>
          <line num="18" count="5" type="stmt"/>
          <line num="22" count="5" type="stmt"/>
          <line num="23" count="5" type="stmt"/>
          <line num="24" count="5" type="stmt"/>
          <line num="25" count="5" type="stmt"/>
          <line num="26" count="5" type="stmt"/>
          <line num="28" count="5" type="stmt"/>
          <line num="30" count="5" type="stmt"/>
          <line num="34" count="5" type="stmt"/>
          <line num="35" count="5" type="stmt"/>
          <line num="36" count="5" type="stmt"/>
          <line num="37" count="4" type="stmt"/>
          <line num="39" count="5" type="stmt"/>
          <line num="41" count="5" type="stmt"/>
        </file>
        <file name="index.js" path="/Users/jacobbogart/Turing/queenly/src/index.js">
          <metrics statements="5" coveredstatements="0" conditionals="0" coveredconditionals="0" methods="0" coveredmethods="0"/>
          <line num="1" count="0" type="stmt"/>
          <line num="2" count="0" type="stmt"/>
          <line num="3" count="0" type="stmt"/>
          <line num="4" count="0" type="stmt"/>
          <line num="7" count="0" type="stmt"/>
        </file>
        <file name="setupTests.js" path="/Users/jacobbogart/Turing/queenly/src/setupTests.js">
          <metrics statements="1" coveredstatements="1" conditionals="0" coveredconditionals="0" methods="0" coveredmethods="0"/>
          <line num="4" count="15" type="stmt"/>
        </file>
      </package>
      <package name="src.components">
        <metrics statements="179" coveredstatements="147" conditionals="63" coveredconditionals="43" methods="79" coveredmethods="68"/>
        <file name="App.js" path="/Users/jacobbogart/Turing/queenly/src/components/App.js">
          <metrics statements="33" coveredstatements="27" conditionals="12" coveredconditionals="11" methods="18" coveredmethods="12"/>
          <line num="10" count="13" type="stmt"/>
          <line num="11" count="13" type="stmt"/>
          <line num="26" count="13" type="stmt"/>
          <line num="27" count="13" type="stmt"/>
          <line num="30" count="13" type="stmt"/>
          <line num="33" count="0" type="stmt"/>
          <line num="34" count="0" type="stmt"/>
          <line num="35" count="0" type="stmt"/>
          <line num="37" count="13" type="stmt"/>
          <line num="40" count="0" type="stmt"/>
          <line num="41" count="0" type="stmt"/>
          <line num="42" count="0" type="stmt"/>
          <line num="46" count="1" type="stmt"/>
          <line num="52" count="1" type="cond" truecount="1" falsecount="1"/>
          <line num="63" count="1" type="stmt"/>
          <line num="69" count="3" type="cond" truecount="4" falsecount="0"/>
          <line num="70" count="2" type="stmt"/>
          <line num="73" count="3" type="stmt"/>
          <line num="82" count="3" type="stmt"/>
          <line num="90" count="2" type="stmt"/>
          <line num="99" count="1" type="stmt"/>
          <line num="106" count="1" type="stmt"/>
          <line num="113" count="1" type="stmt"/>
          <line num="121" count="1" type="stmt"/>
          <line num="130" count="45" type="stmt"/>
          <line num="141" count="45" type="stmt"/>
          <line num="149" count="45" type="stmt"/>
          <line num="159" count="45" type="cond" truecount="2" falsecount="0"/>
          <line num="160" count="35" type="stmt"/>
          <line num="161" count="10" type="cond" truecount="2" falsecount="0"/>
          <line num="162" count="3" type="stmt"/>
          <line num="164" count="7" type="stmt"/>
          <line num="167" count="45" type="stmt"/>
        </file>
        <file name="Bar_Main.js" path="/Users/jacobbogart/Turing/queenly/src/components/Bar_Main.js">
          <metrics statements="4" coveredstatements="4" conditionals="0" coveredconditionals="0" methods="2" coveredmethods="2"/>
          <line num="5" count="1" type="stmt"/>
          <line num="10" count="1" type="stmt"/>
          <line num="12" count="1" type="stmt"/>
          <line num="14" count="1" type="stmt"/>
        </file>
        <file name="Card.js" path="/Users/jacobbogart/Turing/queenly/src/components/Card.js">
          <metrics statements="39" coveredstatements="30" conditionals="16" coveredconditionals="11" methods="10" coveredmethods="9"/>
          <line num="12" count="7" type="stmt"/>
          <line num="14" count="7" type="stmt"/>
          <line num="28" count="7" type="stmt"/>
          <line num="32" count="7" type="cond" truecount="2" falsecount="0"/>
          <line num="33" count="3" type="stmt"/>
          <line num="34" count="3" type="cond" truecount="1" falsecount="1"/>
          <line num="35" count="0" type="stmt"/>
          <line num="43" count="6" type="cond" truecount="2" falsecount="0"/>
          <line num="44" count="2" type="stmt"/>
          <line num="46" count="4" type="stmt"/>
          <line num="48" count="6" type="stmt"/>
          <line num="54" count="1" type="stmt"/>
          <line num="55" count="1" type="stmt"/>
          <line num="56" count="1" type="stmt"/>
          <line num="57" count="1" type="stmt"/>
          <line num="58" count="1" type="stmt"/>
          <line num="63" count="2" type="cond" truecount="1" falsecount="1"/>
          <line num="64" count="0" type="stmt"/>
          <line num="65" count="0" type="stmt"/>
          <line num="66" count="0" type="stmt"/>
          <line num="68" count="2" type="stmt"/>
          <line num="69" count="2" type="stmt"/>
          <line num="71" count="2" type="stmt"/>
          <line num="76" count="13" type="stmt"/>
          <line num="77" count="13" type="stmt"/>
          <line num="79" count="13" type="stmt"/>
          <line num="81" count="13" type="cond" truecount="2" falsecount="0"/>
          <line num="82" count="9" type="stmt"/>
          <line num="83" count="9" type="cond" truecount="2" falsecount="0"/>
          <line num="84" count="2" type="stmt"/>
          <line num="88" count="13" type="cond" truecount="1" falsecount="1"/>
          <line num="89" count="13" type="stmt"/>
          <line num="94" count="13" type="stmt"/>
          <line num="95" count="0" type="cond" truecount="0" falsecount="2"/>
          <line num="96" count="0" type="stmt"/>
          <line num="103" count="0" type="stmt"/>
          <line num="105" count="0" type="stmt"/>
          <line num="110" count="0" type="stmt"/>
          <line num="113" count="13" type="stmt"/>
        </file>
        <file name="Favorites.js" path="/Users/jacobbogart/Turing/queenly/src/components/Favorites.js">
          <metrics statements="4" coveredstatements="4" conditionals="0" coveredconditionals="0" methods="3" coveredmethods="3"/>
          <line num="5" count="2" type="stmt"/>
          <line num="9" count="1" type="stmt"/>
          <line num="10" count="1" type="stmt"/>
          <line num="13" count="2" type="stmt"/>
        </file>
        <file name="Gallery.js" path="/Users/jacobbogart/Turing/queenly/src/components/Gallery.js">
          <metrics statements="15" coveredstatements="8" conditionals="3" coveredconditionals="1" methods="6" coveredmethods="4"/>
          <line num="7" count="2" type="stmt"/>
          <line num="8" count="2" type="stmt"/>
          <line num="12" count="2" type="cond" truecount="1" falsecount="2"/>
          <line num="14" count="2" type="stmt"/>
          <line num="15" count="2" type="stmt"/>
          <line num="17" count="0" type="stmt"/>
          <line num="18" count="0" type="stmt"/>
          <line num="19" count="0" type="stmt"/>
          <line num="21" count="0" type="stmt"/>
          <line num="22" count="0" type="stmt"/>
          <line num="23" count="0" type="stmt"/>
          <line num="25" count="0" type="stmt"/>
          <line num="30" count="2" type="stmt"/>
          <line num="31" count="2" type="stmt"/>
          <line num="35" count="2" type="stmt"/>
        </file>
        <file name="Hamburger.js" path="/Users/jacobbogart/Turing/queenly/src/components/Hamburger.js">
          <metrics statements="10" coveredstatements="10" conditionals="4" coveredconditionals="4" methods="5" coveredmethods="5"/>
          <line num="5" count="5" type="stmt"/>
          <line num="6" count="5" type="stmt"/>
          <line num="12" count="3" type="cond" truecount="2" falsecount="0"/>
          <line num="18" count="1" type="stmt"/>
          <line num="22" count="1" type="stmt"/>
          <line num="23" count="1" type="stmt"/>
          <line num="24" count="1" type="stmt"/>
          <line num="28" count="9" type="cond" truecount="2" falsecount="0"/>
          <line num="29" count="2" type="stmt"/>
          <line num="55" count="7" type="stmt"/>
        </file>
        <file name="NavBar.js" path="/Users/jacobbogart/Turing/queenly/src/components/NavBar.js">
          <metrics statements="6" coveredstatements="6" conditionals="2" coveredconditionals="2" methods="3" coveredmethods="3"/>
          <line num="8" count="7" type="stmt"/>
          <line num="12" count="1" type="stmt"/>
          <line num="16" count="7" type="cond" truecount="2" falsecount="0"/>
          <line num="18" count="5" type="stmt"/>
          <line num="22" count="5" type="stmt"/>
          <line num="25" count="7" type="stmt"/>
        </file>
        <file name="Queen_Main.js" path="/Users/jacobbogart/Turing/queenly/src/components/Queen_Main.js">
          <metrics statements="4" coveredstatements="4" conditionals="0" coveredconditionals="0" methods="2" coveredmethods="2"/>
          <line num="5" count="1" type="stmt"/>
          <line num="10" count="1" type="stmt"/>
          <line num="12" count="1" type="stmt"/>
          <line num="14" count="1" type="stmt"/>
        </file>
        <file name="SearchBar.js" path="/Users/jacobbogart/Turing/queenly/src/components/SearchBar.js">
          <metrics statements="13" coveredstatements="11" conditionals="4" coveredconditionals="2" methods="7" coveredmethods="5"/>
          <line num="6" count="6" type="stmt"/>
          <line num="7" count="6" type="stmt"/>
          <line num="13" count="1" type="cond" truecount="1" falsecount="1"/>
          <line num="14" count="1" type="stmt"/>
          <line num="15" count="1" type="stmt"/>
          <line num="22" count="3" type="stmt"/>
          <line num="23" count="3" type="stmt"/>
          <line num="24" count="3" type="stmt"/>
          <line num="25" count="3" type="stmt"/>
          <line num="29" count="0" type="stmt"/>
          <line num="34" count="7" type="stmt"/>
          <line num="42" count="0" type="stmt"/>
          <line num="58" count="7" type="stmt"/>
        </file>
        <file name="SearchResults.js" path="/Users/jacobbogart/Turing/queenly/src/components/SearchResults.js">
          <metrics statements="8" coveredstatements="6" conditionals="4" coveredconditionals="2" methods="3" coveredmethods="3"/>
          <line num="6" count="1" type="stmt"/>
          <line num="12" count="1" type="cond" truecount="1" falsecount="1"/>
          <line num="13" count="0" type="stmt"/>
          <line num="16" count="1" type="stmt"/>
          <line num="17" count="1" type="stmt"/>
          <line num="26" count="1" type="cond" truecount="1" falsecount="1"/>
          <line num="27" count="0" type="stmt"/>
          <line num="30" count="1" type="stmt"/>
        </file>
        <file name="SearchSuggestion.js" path="/Users/jacobbogart/Turing/queenly/src/components/SearchSuggestion.js">
          <metrics statements="3" coveredstatements="3" conditionals="0" coveredconditionals="0" methods="3" coveredmethods="3"/>
          <line num="5" count="2" type="stmt"/>
          <line num="9" count="1" type="stmt"/>
          <line num="13" count="2" type="stmt"/>
        </file>
        <file name="Show_Main.js" path="/Users/jacobbogart/Turing/queenly/src/components/Show_Main.js">
          <metrics statements="27" coveredstatements="24" conditionals="14" coveredconditionals="9" methods="10" coveredmethods="10"/>
          <line num="5" count="9" type="stmt"/>
          <line num="6" count="9" type="stmt"/>
          <line num="12" count="10" type="cond" truecount="1" falsecount="1"/>
          <line num="13" count="10" type="cond" truecount="2" falsecount="2"/>
          <line num="15" count="0" type="stmt"/>
          <line num="17" count="9" type="stmt"/>
          <line num="19" count="1" type="stmt"/>
          <line num="21" count="0" type="stmt"/>
          <line num="24" count="0" type="stmt"/>
          <line num="29" count="13" type="cond" truecount="2" falsecount="0"/>
          <line num="33" count="11" type="stmt"/>
          <line num="35" count="11" type="cond" truecount="2" falsecount="0"/>
          <line num="36" count="10" type="stmt"/>
          <line num="38" count="1" type="stmt"/>
          <line num="43" count="10" type="stmt"/>
          <line num="45" count="10" type="stmt"/>
          <line num="52" count="10" type="cond" truecount="1" falsecount="1"/>
          <line num="53" count="10" type="stmt"/>
          <line num="54" count="10" type="stmt"/>
          <line num="57" count="10" type="stmt"/>
          <line num="61" count="10" type="stmt"/>
          <line num="62" count="10" type="stmt"/>
          <line num="63" count="10" type="stmt"/>
          <line num="67" count="10" type="stmt"/>
          <line num="71" count="1" type="stmt"/>
          <line num="83" count="9" type="stmt"/>
          <line num="85" count="9" type="stmt"/>
        </file>
        <file name="SplashPage.js" path="/Users/jacobbogart/Turing/queenly/src/components/SplashPage.js">
          <metrics statements="2" coveredstatements="2" conditionals="0" coveredconditionals="0" methods="1" coveredmethods="1"/>
          <line num="4" count="2" type="stmt"/>
          <line num="5" count="1" type="stmt"/>
        </file>
        <file name="Sub_Info.js" path="/Users/jacobbogart/Turing/queenly/src/components/Sub_Info.js">
          <metrics statements="8" coveredstatements="5" conditionals="4" coveredconditionals="1" methods="3" coveredmethods="3"/>
          <line num="5" count="1" type="stmt"/>
          <line num="11" count="1" type="cond" truecount="1" falsecount="1"/>
          <line num="12" count="1" type="stmt"/>
          <line num="13" count="0" type="cond" truecount="0" falsecount="2"/>
          <line num="14" count="0" type="stmt"/>
          <line num="18" count="0" type="stmt"/>
          <line num="24" count="1" type="stmt"/>
          <line num="27" count="1" type="stmt"/>
        </file>
        <file name="Thumbnail.js" path="/Users/jacobbogart/Turing/queenly/src/components/Thumbnail.js">
          <metrics statements="3" coveredstatements="3" conditionals="0" coveredconditionals="0" methods="3" coveredmethods="3"/>
          <line num="5" count="2" type="stmt"/>
          <line num="9" count="1" type="stmt"/>
          <line num="13" count="2" type="stmt"/>
        </file>
      </package>
    </metrics>
  </project>
</coverage>
