{"/Users/jacobbogart/Turing/queenly/src/helpers.js": {"path":"/Users/jacobbogart/Turing/queenly/src/helpers.js","statementMap":{"0":{"start":{"line":2,"column":19},"end":{"line":2,"column":48}},"1":{"start":{"line":3,"column":21},"end":{"line":3,"column":54}},"2":{"start":{"line":4,"column":20},"end":{"line":4,"column":50}},"3":{"start":{"line":5,"column":18},"end":{"line":5,"column":64}},"4":{"start":{"line":7,"column":2},"end":{"line":7,"column":17}},"5":{"start":{"line":11,"column":18},"end":{"line":11,"column":20}},"6":{"start":{"line":12,"column":14},"end":{"line":12,"column":39}},"7":{"start":{"line":13,"column":21},"end":{"line":14,"column":43}},"8":{"start":{"line":14,"column":4},"end":{"line":14,"column":42}},"9":{"start":{"line":16,"column":2},"end":{"line":16,"column":53}},"10":{"start":{"line":16,"column":32},"end":{"line":16,"column":51}},"11":{"start":{"line":18,"column":2},"end":{"line":18,"column":17}},"12":{"start":{"line":22,"column":18},"end":{"line":22,"column":20}},"13":{"start":{"line":23,"column":14},"end":{"line":23,"column":39}},"14":{"start":{"line":24,"column":14},"end":{"line":24,"column":44}},"15":{"start":{"line":24,"column":34},"end":{"line":24,"column":43}},"16":{"start":{"line":25,"column":22},"end":{"line":26,"column":44}},"17":{"start":{"line":26,"column":4},"end":{"line":26,"column":43}},"18":{"start":{"line":28,"column":2},"end":{"line":28,"column":54}},"19":{"start":{"line":28,"column":33},"end":{"line":28,"column":52}},"20":{"start":{"line":30,"column":2},"end":{"line":30,"column":17}},"21":{"start":{"line":34,"column":18},"end":{"line":34,"column":20}},"22":{"start":{"line":35,"column":14},"end":{"line":35,"column":39}},"23":{"start":{"line":36,"column":23},"end":{"line":37,"column":45}},"24":{"start":{"line":37,"column":4},"end":{"line":37,"column":44}},"25":{"start":{"line":39,"column":2},"end":{"line":39,"column":55}},"26":{"start":{"line":39,"column":34},"end":{"line":39,"column":53}},"27":{"start":{"line":41,"column":2},"end":{"line":41,"column":17}}},"fnMap":{"0":{"name":"search","decl":{"start":{"line":1,"column":16},"end":{"line":1,"column":22}},"loc":{"start":{"line":1,"column":50},"end":{"line":8,"column":1}},"line":1},"1":{"name":"searchBars","decl":{"start":{"line":10,"column":16},"end":{"line":10,"column":26}},"loc":{"start":{"line":10,"column":46},"end":{"line":19,"column":1}},"line":10},"2":{"name":"(anonymous_2)","decl":{"start":{"line":13,"column":33},"end":{"line":13,"column":34}},"loc":{"start":{"line":14,"column":4},"end":{"line":14,"column":42}},"line":14},"3":{"name":"(anonymous_3)","decl":{"start":{"line":16,"column":23},"end":{"line":16,"column":24}},"loc":{"start":{"line":16,"column":32},"end":{"line":16,"column":51}},"line":16},"4":{"name":"searchShows","decl":{"start":{"line":21,"column":16},"end":{"line":21,"column":27}},"loc":{"start":{"line":21,"column":47},"end":{"line":31,"column":1}},"line":21},"5":{"name":"(anonymous_5)","decl":{"start":{"line":24,"column":27},"end":{"line":24,"column":28}},"loc":{"start":{"line":24,"column":34},"end":{"line":24,"column":43}},"line":24},"6":{"name":"(anonymous_6)","decl":{"start":{"line":25,"column":35},"end":{"line":25,"column":36}},"loc":{"start":{"line":26,"column":4},"end":{"line":26,"column":43}},"line":26},"7":{"name":"(anonymous_7)","decl":{"start":{"line":28,"column":24},"end":{"line":28,"column":25}},"loc":{"start":{"line":28,"column":33},"end":{"line":28,"column":52}},"line":28},"8":{"name":"searchQueens","decl":{"start":{"line":33,"column":16},"end":{"line":33,"column":28}},"loc":{"start":{"line":33,"column":50},"end":{"line":42,"column":1}},"line":33},"9":{"name":"(anonymous_9)","decl":{"start":{"line":36,"column":37},"end":{"line":36,"column":38}},"loc":{"start":{"line":37,"column":4},"end":{"line":37,"column":44}},"line":37},"10":{"name":"(anonymous_10)","decl":{"start":{"line":39,"column":25},"end":{"line":39,"column":26}},"loc":{"start":{"line":39,"column":34},"end":{"line":39,"column":53}},"line":39}},"branchMap":{},"s":{"0":4,"1":4,"2":4,"3":4,"4":4,"5":5,"6":5,"7":5,"8":5,"9":5,"10":5,"11":5,"12":5,"13":5,"14":5,"15":5,"16":5,"17":5,"18":5,"19":1,"20":5,"21":5,"22":5,"23":5,"24":4,"25":5,"26":0,"27":5},"f":{"0":4,"1":5,"2":5,"3":5,"4":5,"5":5,"6":5,"7":1,"8":5,"9":4,"10":0},"b":{},"_coverageSchema":"332fd63041d2c1bcb487cc26dd0d5f7d97098a6c","hash":"0c2e08ce2f11a0ad2dc81d444a006dd2cae89f59"}
,"/Users/jacobbogart/Turing/queenly/src/index.js": {"path":"/Users/jacobbogart/Turing/queenly/src/index.js","statementMap":{"0":{"start":{"line":1,"column":0},"end":{"line":null,"column":-1}},"1":{"start":{"line":2,"column":0},"end":{"line":null,"column":-1}},"2":{"start":{"line":3,"column":0},"end":{"line":null,"column":-1}},"3":{"start":{"line":4,"column":0},"end":{"line":null,"column":-1}},"4":{"start":{"line":7,"column":0},"end":{"line":null,"column":-1}}},"fnMap":{},"branchMap":{},"s":{"0":0,"1":0,"2":0,"3":0,"4":0},"f":{},"b":{}}
,"/Users/jacobbogart/Turing/queenly/src/setupTests.js": {"path":"/Users/jacobbogart/Turing/queenly/src/setupTests.js","statementMap":{"0":{"start":{"line":4,"column":0},"end":{"line":4,"column":38}}},"fnMap":{},"branchMap":{},"s":{"0":15},"f":{},"b":{},"_coverageSchema":"332fd63041d2c1bcb487cc26dd0d5f7d97098a6c","hash":"18bbfedaaca3f7caa301c9c5b1945f1c38222d45"}
,"/Users/jacobbogart/Turing/queenly/src/components/App.js": {"path":"/Users/jacobbogart/Turing/queenly/src/components/App.js","statementMap":{"0":{"start":{"line":10,"column":4},"end":{"line":10,"column":12}},"1":{"start":{"line":11,"column":4},"end":{"line":22,"column":6}},"2":{"start":{"line":26,"column":27},"end":{"line":26,"column":76}},"3":{"start":{"line":27,"column":4},"end":{"line":29,"column":7}},"4":{"start":{"line":30,"column":4},"end":{"line":35,"column":38}},"5":{"start":{"line":33,"column":24},"end":{"line":33,"column":39}},"6":{"start":{"line":34,"column":20},"end":{"line":34,"column":54}},"7":{"start":{"line":35,"column":20},"end":{"line":35,"column":36}},"8":{"start":{"line":37,"column":4},"end":{"line":42,"column":38}},"9":{"start":{"line":40,"column":24},"end":{"line":40,"column":39}},"10":{"start":{"line":41,"column":20},"end":{"line":41,"column":58}},"11":{"start":{"line":42,"column":20},"end":{"line":42,"column":36}},"12":{"start":{"line":46,"column":4},"end":{"line":48,"column":7}},"13":{"start":{"line":52,"column":4},"end":{"line":59,"column":8}},"14":{"start":{"line":63,"column":4},"end":{"line":65,"column":6}},"15":{"start":{"line":69,"column":4},"end":{"line":71,"column":5}},"16":{"start":{"line":70,"column":6},"end":{"line":70,"column":25}},"17":{"start":{"line":73,"column":4},"end":{"line":78,"column":7}},"18":{"start":{"line":82,"column":4},"end":{"line":86,"column":7}},"19":{"start":{"line":90,"column":4},"end":{"line":95,"column":7}},"20":{"start":{"line":99,"column":19},"end":{"line":104,"column":5}},"21":{"start":{"line":106,"column":4},"end":{"line":109,"column":39}},"22":{"start":{"line":113,"column":4},"end":{"line":117,"column":7}},"23":{"start":{"line":121,"column":6},"end":{"line":123,"column":9}},"24":{"start":{"line":130,"column":6},"end":{"line":138,"column":8}},"25":{"start":{"line":141,"column":6},"end":{"line":146,"column":8}},"26":{"start":{"line":149,"column":6},"end":{"line":157,"column":8}},"27":{"start":{"line":159,"column":4},"end":{"line":165,"column":5}},"28":{"start":{"line":160,"column":6},"end":{"line":160,"column":33}},"29":{"start":{"line":161,"column":11},"end":{"line":165,"column":5}},"30":{"start":{"line":162,"column":6},"end":{"line":162,"column":36}},"31":{"start":{"line":164,"column":6},"end":{"line":164,"column":27}},"32":{"start":{"line":167,"column":4},"end":{"line":187,"column":6}}},"fnMap":{"0":{"name":"(anonymous_0)","decl":{"start":{"line":9,"column":2},"end":{"line":9,"column":3}},"loc":{"start":{"line":9,"column":16},"end":{"line":23,"column":3}},"line":9},"1":{"name":"(anonymous_1)","decl":{"start":{"line":25,"column":2},"end":{"line":25,"column":3}},"loc":{"start":{"line":25,"column":22},"end":{"line":43,"column":3}},"line":25},"2":{"name":"(anonymous_2)","decl":{"start":{"line":33,"column":12},"end":{"line":33,"column":13}},"loc":{"start":{"line":33,"column":24},"end":{"line":33,"column":39}},"line":33},"3":{"name":"(anonymous_3)","decl":{"start":{"line":34,"column":12},"end":{"line":34,"column":13}},"loc":{"start":{"line":34,"column":20},"end":{"line":34,"column":54}},"line":34},"4":{"name":"(anonymous_4)","decl":{"start":{"line":35,"column":13},"end":{"line":35,"column":14}},"loc":{"start":{"line":35,"column":20},"end":{"line":35,"column":36}},"line":35},"5":{"name":"(anonymous_5)","decl":{"start":{"line":40,"column":12},"end":{"line":40,"column":13}},"loc":{"start":{"line":40,"column":24},"end":{"line":40,"column":39}},"line":40},"6":{"name":"(anonymous_6)","decl":{"start":{"line":41,"column":12},"end":{"line":41,"column":13}},"loc":{"start":{"line":41,"column":20},"end":{"line":41,"column":58}},"line":41},"7":{"name":"(anonymous_7)","decl":{"start":{"line":42,"column":13},"end":{"line":42,"column":14}},"loc":{"start":{"line":42,"column":20},"end":{"line":42,"column":36}},"line":42},"8":{"name":"(anonymous_8)","decl":{"start":{"line":45,"column":20},"end":{"line":45,"column":21}},"loc":{"start":{"line":45,"column":34},"end":{"line":49,"column":3}},"line":45},"9":{"name":"(anonymous_9)","decl":{"start":{"line":51,"column":24},"end":{"line":51,"column":25}},"loc":{"start":{"line":51,"column":33},"end":{"line":60,"column":3}},"line":51},"10":{"name":"(anonymous_10)","decl":{"start":{"line":62,"column":16},"end":{"line":62,"column":17}},"loc":{"start":{"line":62,"column":27},"end":{"line":66,"column":3}},"line":62},"11":{"name":"(anonymous_11)","decl":{"start":{"line":68,"column":23},"end":{"line":68,"column":24}},"loc":{"start":{"line":68,"column":37},"end":{"line":79,"column":3}},"line":68},"12":{"name":"(anonymous_12)","decl":{"start":{"line":81,"column":16},"end":{"line":81,"column":17}},"loc":{"start":{"line":81,"column":22},"end":{"line":87,"column":3}},"line":81},"13":{"name":"(anonymous_13)","decl":{"start":{"line":89,"column":28},"end":{"line":89,"column":29}},"loc":{"start":{"line":89,"column":34},"end":{"line":96,"column":3}},"line":89},"14":{"name":"(anonymous_14)","decl":{"start":{"line":98,"column":21},"end":{"line":98,"column":22}},"loc":{"start":{"line":98,"column":29},"end":{"line":110,"column":3}},"line":98},"15":{"name":"(anonymous_15)","decl":{"start":{"line":112,"column":22},"end":{"line":112,"column":23}},"loc":{"start":{"line":112,"column":28},"end":{"line":118,"column":3}},"line":112},"16":{"name":"(anonymous_16)","decl":{"start":{"line":120,"column":26},"end":{"line":120,"column":27}},"loc":{"start":{"line":120,"column":32},"end":{"line":124,"column":3}},"line":120},"17":{"name":"(anonymous_17)","decl":{"start":{"line":126,"column":2},"end":{"line":126,"column":3}},"loc":{"start":{"line":126,"column":11},"end":{"line":188,"column":3}},"line":126}},"branchMap":{"0":{"loc":{"start":{"line":52,"column":4},"end":{"line":59,"column":8}},"type":"cond-expr","locations":[{"start":{"line":53,"column":8},"end":{"line":56,"column":10}},{"start":{"line":57,"column":8},"end":{"line":59,"column":8}}],"line":52},"1":{"loc":{"start":{"line":69,"column":4},"end":{"line":71,"column":5}},"type":"if","locations":[{"start":{"line":69,"column":4},"end":{"line":71,"column":5}},{"start":{"line":69,"column":4},"end":{"line":71,"column":5}}],"line":69},"2":{"loc":{"start":{"line":69,"column":8},"end":{"line":69,"column":66}},"type":"binary-expr","locations":[{"start":{"line":69,"column":8},"end":{"line":69,"column":33}},{"start":{"line":69,"column":37},"end":{"line":69,"column":66}}],"line":69},"3":{"loc":{"start":{"line":103,"column":17},"end":{"line":103,"column":47}},"type":"binary-expr","locations":[{"start":{"line":103,"column":17},"end":{"line":103,"column":41}},{"start":{"line":103,"column":45},"end":{"line":103,"column":47}}],"line":103},"4":{"loc":{"start":{"line":159,"column":4},"end":{"line":165,"column":5}},"type":"if","locations":[{"start":{"line":159,"column":4},"end":{"line":165,"column":5}},{"start":{"line":159,"column":4},"end":{"line":165,"column":5}}],"line":159},"5":{"loc":{"start":{"line":161,"column":11},"end":{"line":165,"column":5}},"type":"if","locations":[{"start":{"line":161,"column":11},"end":{"line":165,"column":5}},{"start":{"line":161,"column":11},"end":{"line":165,"column":5}}],"line":161}},"s":{"0":13,"1":13,"2":13,"3":13,"4":13,"5":0,"6":0,"7":0,"8":13,"9":0,"10":0,"11":0,"12":1,"13":1,"14":1,"15":3,"16":2,"17":3,"18":3,"19":2,"20":1,"21":1,"22":1,"23":1,"24":45,"25":45,"26":45,"27":45,"28":35,"29":10,"30":3,"31":7,"32":45},"f":{"0":13,"1":13,"2":0,"3":0,"4":0,"5":0,"6":0,"7":0,"8":1,"9":1,"10":1,"11":3,"12":3,"13":2,"14":1,"15":1,"16":1,"17":45},"b":{"0":[1,0],"1":[2,1],"2":[3,1],"3":[1,1],"4":[35,10],"5":[3,7]},"_coverageSchema":"332fd63041d2c1bcb487cc26dd0d5f7d97098a6c","hash":"d79a592156c496a1fda2da04d8ce10e7041200a8"}
,"/Users/jacobbogart/Turing/queenly/src/components/Bar_Main.js": {"path":"/Users/jacobbogart/Turing/queenly/src/components/Bar_Main.js","statementMap":{"0":{"start":{"line":5,"column":4},"end":{"line":5,"column":17}},"1":{"start":{"line":10,"column":8},"end":{"line":10,"column":27}},"2":{"start":{"line":12,"column":8},"end":{"line":12,"column":24}},"3":{"start":{"line":14,"column":4},"end":{"line":40,"column":6}}},"fnMap":{"0":{"name":"(anonymous_0)","decl":{"start":{"line":4,"column":2},"end":{"line":4,"column":3}},"loc":{"start":{"line":4,"column":21},"end":{"line":6,"column":3}},"line":4},"1":{"name":"(anonymous_1)","decl":{"start":{"line":8,"column":2},"end":{"line":8,"column":3}},"loc":{"start":{"line":8,"column":11},"end":{"line":41,"column":3}},"line":8}},"branchMap":{},"s":{"0":1,"1":1,"2":1,"3":1},"f":{"0":1,"1":1},"b":{},"_coverageSchema":"332fd63041d2c1bcb487cc26dd0d5f7d97098a6c","hash":"5fcdfc78bc04878023d26eb281b8a8a07166efbd"}
,"/Users/jacobbogart/Turing/queenly/src/components/Card.js": {"path":"/Users/jacobbogart/Turing/queenly/src/components/Card.js","statementMap":{"0":{"start":{"line":12,"column":4},"end":{"line":12,"column":17}},"1":{"start":{"line":14,"column":4},"end":{"line":24,"column":6}},"2":{"start":{"line":28,"column":4},"end":{"line":28,"column":25}},"3":{"start":{"line":32,"column":4},"end":{"line":39,"column":5}},"4":{"start":{"line":33,"column":31},"end":{"line":33,"column":107}},"5":{"start":{"line":33,"column":95},"end":{"line":33,"column":106}},"6":{"start":{"line":34,"column":6},"end":{"line":38,"column":7}},"7":{"start":{"line":35,"column":8},"end":{"line":37,"column":10}},"8":{"start":{"line":43,"column":4},"end":{"line":47,"column":5}},"9":{"start":{"line":44,"column":6},"end":{"line":44,"column":33}},"10":{"start":{"line":46,"column":6},"end":{"line":46,"column":28}},"11":{"start":{"line":48,"column":4},"end":{"line":50,"column":7}},"12":{"start":{"line":54,"column":31},"end":{"line":54,"column":80}},"13":{"start":{"line":55,"column":22},"end":{"line":55,"column":99}},"14":{"start":{"line":55,"column":55},"end":{"line":55,"column":64}},"15":{"start":{"line":56,"column":4},"end":{"line":56,"column":48}},"16":{"start":{"line":57,"column":4},"end":{"line":57,"column":80}},"17":{"start":{"line":58,"column":4},"end":{"line":58,"column":53}},"18":{"start":{"line":63,"column":4},"end":{"line":70,"column":5}},"19":{"start":{"line":64,"column":6},"end":{"line":64,"column":79}},"20":{"start":{"line":65,"column":6},"end":{"line":65,"column":53}},"21":{"start":{"line":66,"column":6},"end":{"line":66,"column":82}},"22":{"start":{"line":68,"column":6},"end":{"line":68,"column":51}},"23":{"start":{"line":69,"column":6},"end":{"line":69,"column":82}},"24":{"start":{"line":71,"column":4},"end":{"line":71,"column":53}},"25":{"start":{"line":76,"column":21},"end":{"line":76,"column":40}},"26":{"start":{"line":77,"column":19},"end":{"line":77,"column":27}},"27":{"start":{"line":79,"column":19},"end":{"line":79,"column":24}},"28":{"start":{"line":81,"column":4},"end":{"line":86,"column":5}},"29":{"start":{"line":82,"column":31},"end":{"line":82,"column":107}},"30":{"start":{"line":82,"column":95},"end":{"line":82,"column":106}},"31":{"start":{"line":83,"column":6},"end":{"line":85,"column":7}},"32":{"start":{"line":84,"column":10},"end":{"line":84,"column":25}},"33":{"start":{"line":88,"column":4},"end":{"line":111,"column":5}},"34":{"start":{"line":89,"column":6},"end":{"line":93,"column":11}},"35":{"start":{"line":94,"column":6},"end":{"line":94,"column":23}},"36":{"start":{"line":95,"column":11},"end":{"line":111,"column":5}},"37":{"start":{"line":96,"column":6},"end":{"line":102,"column":11}},"38":{"start":{"line":103,"column":6},"end":{"line":103,"column":24}},"39":{"start":{"line":105,"column":6},"end":{"line":109,"column":11}},"40":{"start":{"line":110,"column":6},"end":{"line":110,"column":23}},"41":{"start":{"line":113,"column":4},"end":{"line":137,"column":6}}},"fnMap":{"0":{"name":"(anonymous_0)","decl":{"start":{"line":11,"column":2},"end":{"line":11,"column":3}},"loc":{"start":{"line":11,"column":21},"end":{"line":25,"column":3}},"line":11},"1":{"name":"(anonymous_1)","decl":{"start":{"line":27,"column":2},"end":{"line":27,"column":3}},"loc":{"start":{"line":27,"column":22},"end":{"line":29,"column":3}},"line":27},"2":{"name":"(anonymous_2)","decl":{"start":{"line":31,"column":18},"end":{"line":31,"column":19}},"loc":{"start":{"line":31,"column":24},"end":{"line":40,"column":3}},"line":31},"3":{"name":"(anonymous_3)","decl":{"start":{"line":33,"column":85},"end":{"line":33,"column":86}},"loc":{"start":{"line":33,"column":95},"end":{"line":33,"column":106}},"line":33},"4":{"name":"(anonymous_4)","decl":{"start":{"line":42,"column":20},"end":{"line":42,"column":21}},"loc":{"start":{"line":42,"column":26},"end":{"line":51,"column":3}},"line":42},"5":{"name":"(anonymous_5)","decl":{"start":{"line":53,"column":24},"end":{"line":53,"column":25}},"loc":{"start":{"line":53,"column":30},"end":{"line":59,"column":3}},"line":53},"6":{"name":"(anonymous_6)","decl":{"start":{"line":55,"column":47},"end":{"line":55,"column":48}},"loc":{"start":{"line":55,"column":55},"end":{"line":55,"column":64}},"line":55},"7":{"name":"(anonymous_7)","decl":{"start":{"line":61,"column":19},"end":{"line":61,"column":20}},"loc":{"start":{"line":61,"column":25},"end":{"line":72,"column":3}},"line":61},"8":{"name":"(anonymous_8)","decl":{"start":{"line":75,"column":2},"end":{"line":75,"column":3}},"loc":{"start":{"line":75,"column":11},"end":{"line":138,"column":3}},"line":75},"9":{"name":"(anonymous_9)","decl":{"start":{"line":82,"column":85},"end":{"line":82,"column":86}},"loc":{"start":{"line":82,"column":95},"end":{"line":82,"column":106}},"line":82}},"branchMap":{"0":{"loc":{"start":{"line":32,"column":4},"end":{"line":39,"column":5}},"type":"if","locations":[{"start":{"line":32,"column":4},"end":{"line":39,"column":5}},{"start":{"line":32,"column":4},"end":{"line":39,"column":5}}],"line":32},"1":{"loc":{"start":{"line":34,"column":6},"end":{"line":38,"column":7}},"type":"if","locations":[{"start":{"line":34,"column":6},"end":{"line":38,"column":7}},{"start":{"line":34,"column":6},"end":{"line":38,"column":7}}],"line":34},"2":{"loc":{"start":{"line":43,"column":4},"end":{"line":47,"column":5}},"type":"if","locations":[{"start":{"line":43,"column":4},"end":{"line":47,"column":5}},{"start":{"line":43,"column":4},"end":{"line":47,"column":5}}],"line":43},"3":{"loc":{"start":{"line":63,"column":4},"end":{"line":70,"column":5}},"type":"if","locations":[{"start":{"line":63,"column":4},"end":{"line":70,"column":5}},{"start":{"line":63,"column":4},"end":{"line":70,"column":5}}],"line":63},"4":{"loc":{"start":{"line":81,"column":4},"end":{"line":86,"column":5}},"type":"if","locations":[{"start":{"line":81,"column":4},"end":{"line":86,"column":5}},{"start":{"line":81,"column":4},"end":{"line":86,"column":5}}],"line":81},"5":{"loc":{"start":{"line":83,"column":6},"end":{"line":85,"column":7}},"type":"if","locations":[{"start":{"line":83,"column":6},"end":{"line":85,"column":7}},{"start":{"line":83,"column":6},"end":{"line":85,"column":7}}],"line":83},"6":{"loc":{"start":{"line":88,"column":4},"end":{"line":111,"column":5}},"type":"if","locations":[{"start":{"line":88,"column":4},"end":{"line":111,"column":5}},{"start":{"line":88,"column":4},"end":{"line":111,"column":5}}],"line":88},"7":{"loc":{"start":{"line":95,"column":11},"end":{"line":111,"column":5}},"type":"if","locations":[{"start":{"line":95,"column":11},"end":{"line":111,"column":5}},{"start":{"line":95,"column":11},"end":{"line":111,"column":5}}],"line":95}},"s":{"0":7,"1":7,"2":7,"3":7,"4":3,"5":0,"6":3,"7":0,"8":6,"9":2,"10":4,"11":6,"12":1,"13":1,"14":1,"15":1,"16":1,"17":1,"18":2,"19":0,"20":0,"21":0,"22":2,"23":2,"24":2,"25":13,"26":13,"27":13,"28":13,"29":9,"30":2,"31":9,"32":2,"33":13,"34":13,"35":13,"36":0,"37":0,"38":0,"39":0,"40":0,"41":13},"f":{"0":7,"1":7,"2":7,"3":0,"4":6,"5":1,"6":1,"7":2,"8":13,"9":2},"b":{"0":[3,4],"1":[0,3],"2":[2,4],"3":[0,2],"4":[9,4],"5":[2,7],"6":[13,0],"7":[0,0]},"_coverageSchema":"332fd63041d2c1bcb487cc26dd0d5f7d97098a6c","hash":"21638ff76e72b4a455c6ba1d14cb2f18c41c3762"}
,"/Users/jacobbogart/Turing/queenly/src/components/Favorites.js": {"path":"/Users/jacobbogart/Turing/queenly/src/components/Favorites.js","statementMap":{"0":{"start":{"line":5,"column":4},"end":{"line":5,"column":17}},"1":{"start":{"line":9,"column":4},"end":{"line":9,"column":45}},"2":{"start":{"line":10,"column":4},"end":{"line":10,"column":41}},"3":{"start":{"line":13,"column":4},"end":{"line":17,"column":6}}},"fnMap":{"0":{"name":"(anonymous_0)","decl":{"start":{"line":4,"column":2},"end":{"line":4,"column":3}},"loc":{"start":{"line":4,"column":21},"end":{"line":6,"column":3}},"line":4},"1":{"name":"(anonymous_1)","decl":{"start":{"line":8,"column":18},"end":{"line":8,"column":19}},"loc":{"start":{"line":8,"column":24},"end":{"line":11,"column":3}},"line":8},"2":{"name":"(anonymous_2)","decl":{"start":{"line":12,"column":2},"end":{"line":12,"column":3}},"loc":{"start":{"line":12,"column":11},"end":{"line":18,"column":3}},"line":12}},"branchMap":{},"s":{"0":2,"1":1,"2":1,"3":2},"f":{"0":2,"1":1,"2":2},"b":{},"_coverageSchema":"332fd63041d2c1bcb487cc26dd0d5f7d97098a6c","hash":"f211e45311fb100a49cd90ecb91d9b2ea05769be"}
,"/Users/jacobbogart/Turing/queenly/src/components/Gallery.js": {"path":"/Users/jacobbogart/Turing/queenly/src/components/Gallery.js","statementMap":{"0":{"start":{"line":7,"column":4},"end":{"line":7,"column":17}},"1":{"start":{"line":8,"column":4},"end":{"line":8,"column":26}},"2":{"start":{"line":12,"column":4},"end":{"line":26,"column":5}},"3":{"start":{"line":14,"column":8},"end":{"line":14,"column":53}},"4":{"start":{"line":15,"column":8},"end":{"line":15,"column":14}},"5":{"start":{"line":17,"column":8},"end":{"line":18,"column":58}},"6":{"start":{"line":18,"column":10},"end":{"line":18,"column":56}},"7":{"start":{"line":19,"column":8},"end":{"line":19,"column":14}},"8":{"start":{"line":21,"column":8},"end":{"line":21,"column":30}},"9":{"start":{"line":22,"column":8},"end":{"line":24,"column":11}},"10":{"start":{"line":23,"column":10},"end":{"line":23,"column":71}},"11":{"start":{"line":25,"column":8},"end":{"line":25,"column":14}},"12":{"start":{"line":30,"column":4},"end":{"line":30,"column":50}},"13":{"start":{"line":31,"column":4},"end":{"line":43,"column":6}},"14":{"start":{"line":35,"column":8},"end":{"line":40,"column":12}}},"fnMap":{"0":{"name":"(anonymous_0)","decl":{"start":{"line":6,"column":2},"end":{"line":6,"column":3}},"loc":{"start":{"line":6,"column":21},"end":{"line":9,"column":3}},"line":6},"1":{"name":"(anonymous_1)","decl":{"start":{"line":11,"column":24},"end":{"line":11,"column":25}},"loc":{"start":{"line":11,"column":34},"end":{"line":27,"column":3}},"line":11},"2":{"name":"(anonymous_2)","decl":{"start":{"line":17,"column":52},"end":{"line":17,"column":53}},"loc":{"start":{"line":18,"column":10},"end":{"line":18,"column":56}},"line":18},"3":{"name":"(anonymous_3)","decl":{"start":{"line":22,"column":42},"end":{"line":22,"column":43}},"loc":{"start":{"line":22,"column":50},"end":{"line":24,"column":9}},"line":22},"4":{"name":"(anonymous_4)","decl":{"start":{"line":29,"column":2},"end":{"line":29,"column":3}},"loc":{"start":{"line":29,"column":11},"end":{"line":44,"column":3}},"line":29},"5":{"name":"(anonymous_5)","decl":{"start":{"line":34,"column":30},"end":{"line":34,"column":31}},"loc":{"start":{"line":35,"column":8},"end":{"line":40,"column":12}},"line":35}},"branchMap":{"0":{"loc":{"start":{"line":12,"column":4},"end":{"line":26,"column":5}},"type":"switch","locations":[{"start":{"line":13,"column":6},"end":{"line":15,"column":14}},{"start":{"line":16,"column":6},"end":{"line":19,"column":14}},{"start":{"line":20,"column":6},"end":{"line":25,"column":14}}],"line":12}},"s":{"0":2,"1":2,"2":2,"3":2,"4":2,"5":0,"6":0,"7":0,"8":0,"9":0,"10":0,"11":0,"12":2,"13":2,"14":2},"f":{"0":2,"1":2,"2":0,"3":0,"4":2,"5":2},"b":{"0":[2,0,0]},"_coverageSchema":"332fd63041d2c1bcb487cc26dd0d5f7d97098a6c","hash":"e4f92c36d1401f41791bf655a1c8346f8d7a1922"}
,"/Users/jacobbogart/Turing/queenly/src/components/Hamburger.js": {"path":"/Users/jacobbogart/Turing/queenly/src/components/Hamburger.js","statementMap":{"0":{"start":{"line":5,"column":4},"end":{"line":5,"column":17}},"1":{"start":{"line":6,"column":4},"end":{"line":8,"column":6}},"2":{"start":{"line":12,"column":4},"end":{"line":14,"column":42}},"3":{"start":{"line":18,"column":4},"end":{"line":18,"column":39}},"4":{"start":{"line":22,"column":15},"end":{"line":22,"column":47}},"5":{"start":{"line":23,"column":4},"end":{"line":23,"column":38}},"6":{"start":{"line":24,"column":4},"end":{"line":24,"column":41}},"7":{"start":{"line":28,"column":4},"end":{"line":60,"column":5}},"8":{"start":{"line":29,"column":6},"end":{"line":53,"column":8}},"9":{"start":{"line":55,"column":6},"end":{"line":59,"column":8}}},"fnMap":{"0":{"name":"(anonymous_0)","decl":{"start":{"line":4,"column":2},"end":{"line":4,"column":3}},"loc":{"start":{"line":4,"column":21},"end":{"line":9,"column":3}},"line":4},"1":{"name":"(anonymous_1)","decl":{"start":{"line":11,"column":17},"end":{"line":11,"column":18}},"loc":{"start":{"line":11,"column":23},"end":{"line":15,"column":3}},"line":11},"2":{"name":"(anonymous_2)","decl":{"start":{"line":17,"column":19},"end":{"line":17,"column":20}},"loc":{"start":{"line":17,"column":25},"end":{"line":19,"column":3}},"line":17},"3":{"name":"(anonymous_3)","decl":{"start":{"line":21,"column":19},"end":{"line":21,"column":20}},"loc":{"start":{"line":21,"column":28},"end":{"line":25,"column":3}},"line":21},"4":{"name":"(anonymous_4)","decl":{"start":{"line":27,"column":2},"end":{"line":27,"column":3}},"loc":{"start":{"line":27,"column":11},"end":{"line":61,"column":3}},"line":27}},"branchMap":{"0":{"loc":{"start":{"line":12,"column":4},"end":{"line":14,"column":41}},"type":"cond-expr","locations":[{"start":{"line":13,"column":8},"end":{"line":13,"column":42}},{"start":{"line":14,"column":8},"end":{"line":14,"column":41}}],"line":12},"1":{"loc":{"start":{"line":28,"column":4},"end":{"line":60,"column":5}},"type":"if","locations":[{"start":{"line":28,"column":4},"end":{"line":60,"column":5}},{"start":{"line":28,"column":4},"end":{"line":60,"column":5}}],"line":28}},"s":{"0":5,"1":5,"2":3,"3":1,"4":1,"5":1,"6":1,"7":9,"8":2,"9":7},"f":{"0":5,"1":3,"2":1,"3":1,"4":9},"b":{"0":[1,2],"1":[2,7]},"_coverageSchema":"332fd63041d2c1bcb487cc26dd0d5f7d97098a6c","hash":"83c3f0c268c88e2c05b2c5553e2169d77162ab54"}
,"/Users/jacobbogart/Turing/queenly/src/components/NavBar.js": {"path":"/Users/jacobbogart/Turing/queenly/src/components/NavBar.js","statementMap":{"0":{"start":{"line":8,"column":4},"end":{"line":8,"column":17}},"1":{"start":{"line":12,"column":4},"end":{"line":12,"column":35}},"2":{"start":{"line":16,"column":4},"end":{"line":23,"column":5}},"3":{"start":{"line":18,"column":8},"end":{"line":20,"column":13}},"4":{"start":{"line":22,"column":22},"end":{"line":22,"column":51}},"5":{"start":{"line":25,"column":4},"end":{"line":35,"column":6}}},"fnMap":{"0":{"name":"(anonymous_0)","decl":{"start":{"line":7,"column":2},"end":{"line":7,"column":3}},"loc":{"start":{"line":7,"column":21},"end":{"line":9,"column":3}},"line":7},"1":{"name":"(anonymous_1)","decl":{"start":{"line":11,"column":22},"end":{"line":11,"column":23}},"loc":{"start":{"line":11,"column":28},"end":{"line":13,"column":3}},"line":11},"2":{"name":"(anonymous_2)","decl":{"start":{"line":15,"column":2},"end":{"line":15,"column":3}},"loc":{"start":{"line":15,"column":11},"end":{"line":36,"column":3}},"line":15}},"branchMap":{"0":{"loc":{"start":{"line":16,"column":4},"end":{"line":23,"column":5}},"type":"if","locations":[{"start":{"line":16,"column":4},"end":{"line":23,"column":5}},{"start":{"line":16,"column":4},"end":{"line":23,"column":5}}],"line":16}},"s":{"0":7,"1":1,"2":7,"3":5,"4":5,"5":7},"f":{"0":7,"1":1,"2":7},"b":{"0":[5,2]},"_coverageSchema":"332fd63041d2c1bcb487cc26dd0d5f7d97098a6c","hash":"e06868c17ccfe1f59235f44c7a480f40f52c399b"}
,"/Users/jacobbogart/Turing/queenly/src/components/Queen_Main.js": {"path":"/Users/jacobbogart/Turing/queenly/src/components/Queen_Main.js","statementMap":{"0":{"start":{"line":5,"column":4},"end":{"line":5,"column":17}},"1":{"start":{"line":10,"column":8},"end":{"line":10,"column":27}},"2":{"start":{"line":12,"column":8},"end":{"line":12,"column":24}},"3":{"start":{"line":14,"column":4},"end":{"line":33,"column":6}}},"fnMap":{"0":{"name":"(anonymous_0)","decl":{"start":{"line":4,"column":2},"end":{"line":4,"column":3}},"loc":{"start":{"line":4,"column":21},"end":{"line":6,"column":3}},"line":4},"1":{"name":"(anonymous_1)","decl":{"start":{"line":8,"column":2},"end":{"line":8,"column":3}},"loc":{"start":{"line":8,"column":11},"end":{"line":34,"column":3}},"line":8}},"branchMap":{},"s":{"0":1,"1":1,"2":1,"3":1},"f":{"0":1,"1":1},"b":{},"_coverageSchema":"332fd63041d2c1bcb487cc26dd0d5f7d97098a6c","hash":"e0f7bca650b39153aa1453cabf6720ee3238de8f"}
,"/Users/jacobbogart/Turing/queenly/src/components/SearchBar.js": {"path":"/Users/jacobbogart/Turing/queenly/src/components/SearchBar.js","statementMap":{"0":{"start":{"line":6,"column":4},"end":{"line":6,"column":17}},"1":{"start":{"line":7,"column":4},"end":{"line":9,"column":5}},"2":{"start":{"line":13,"column":4},"end":{"line":18,"column":5}},"3":{"start":{"line":14,"column":6},"end":{"line":14,"column":53}},"4":{"start":{"line":15,"column":6},"end":{"line":17,"column":9}},"5":{"start":{"line":22,"column":4},"end":{"line":22,"column":23}},"6":{"start":{"line":23,"column":4},"end":{"line":23,"column":41}},"7":{"start":{"line":24,"column":4},"end":{"line":24,"column":28}},"8":{"start":{"line":25,"column":4},"end":{"line":25,"column":51}},"9":{"start":{"line":29,"column":4},"end":{"line":29,"column":32}},"10":{"start":{"line":34,"column":4},"end":{"line":67,"column":6}},"11":{"start":{"line":42,"column":24},"end":{"line":42,"column":45}},"12":{"start":{"line":58,"column":12},"end":{"line":63,"column":14}}},"fnMap":{"0":{"name":"(anonymous_0)","decl":{"start":{"line":5,"column":2},"end":{"line":5,"column":3}},"loc":{"start":{"line":5,"column":21},"end":{"line":10,"column":3}},"line":5},"1":{"name":"(anonymous_1)","decl":{"start":{"line":12,"column":17},"end":{"line":12,"column":18}},"loc":{"start":{"line":12,"column":22},"end":{"line":19,"column":3}},"line":12},"2":{"name":"(anonymous_2)","decl":{"start":{"line":21,"column":16},"end":{"line":21,"column":17}},"loc":{"start":{"line":21,"column":21},"end":{"line":26,"column":3}},"line":21},"3":{"name":"(anonymous_3)","decl":{"start":{"line":28,"column":21},"end":{"line":28,"column":22}},"loc":{"start":{"line":28,"column":27},"end":{"line":30,"column":3}},"line":28},"4":{"name":"(anonymous_4)","decl":{"start":{"line":33,"column":2},"end":{"line":33,"column":3}},"loc":{"start":{"line":33,"column":11},"end":{"line":68,"column":3}},"line":33},"5":{"name":"(anonymous_5)","decl":{"start":{"line":42,"column":17},"end":{"line":42,"column":18}},"loc":{"start":{"line":42,"column":24},"end":{"line":42,"column":45}},"line":42},"6":{"name":"(anonymous_6)","decl":{"start":{"line":57,"column":52},"end":{"line":57,"column":53}},"loc":{"start":{"line":58,"column":12},"end":{"line":63,"column":14}},"line":58}},"branchMap":{"0":{"loc":{"start":{"line":13,"column":4},"end":{"line":18,"column":5}},"type":"if","locations":[{"start":{"line":13,"column":4},"end":{"line":18,"column":5}},{"start":{"line":13,"column":4},"end":{"line":18,"column":5}}],"line":13},"1":{"loc":{"start":{"line":54,"column":21},"end":{"line":54,"column":75}},"type":"cond-expr","locations":[{"start":{"line":54,"column":59},"end":{"line":54,"column":66}},{"start":{"line":54,"column":69},"end":{"line":54,"column":75}}],"line":54}},"s":{"0":6,"1":6,"2":1,"3":1,"4":1,"5":3,"6":3,"7":3,"8":3,"9":0,"10":7,"11":0,"12":7},"f":{"0":6,"1":1,"2":3,"3":0,"4":7,"5":0,"6":7},"b":{"0":[1,0],"1":[0,7]},"_coverageSchema":"332fd63041d2c1bcb487cc26dd0d5f7d97098a6c","hash":"9706bd0a5a2b71f55b6f7a72a1db23156644bfaf"}
,"/Users/jacobbogart/Turing/queenly/src/components/SearchResults.js": {"path":"/Users/jacobbogart/Turing/queenly/src/components/SearchResults.js","statementMap":{"0":{"start":{"line":6,"column":4},"end":{"line":6,"column":17}},"1":{"start":{"line":12,"column":4},"end":{"line":24,"column":5}},"2":{"start":{"line":13,"column":6},"end":{"line":14,"column":34}},"3":{"start":{"line":16,"column":6},"end":{"line":23,"column":8}},"4":{"start":{"line":17,"column":8},"end":{"line":22,"column":10}},"5":{"start":{"line":26,"column":4},"end":{"line":28,"column":5}},"6":{"start":{"line":27,"column":26},"end":{"line":27,"column":81}},"7":{"start":{"line":30,"column":4},"end":{"line":40,"column":6}}},"fnMap":{"0":{"name":"(anonymous_0)","decl":{"start":{"line":5,"column":2},"end":{"line":5,"column":3}},"loc":{"start":{"line":5,"column":21},"end":{"line":7,"column":3}},"line":5},"1":{"name":"(anonymous_1)","decl":{"start":{"line":9,"column":2},"end":{"line":9,"column":3}},"loc":{"start":{"line":9,"column":11},"end":{"line":41,"column":3}},"line":9},"2":{"name":"(anonymous_2)","decl":{"start":{"line":16,"column":45},"end":{"line":16,"column":46}},"loc":{"start":{"line":17,"column":8},"end":{"line":22,"column":10}},"line":17}},"branchMap":{"0":{"loc":{"start":{"line":12,"column":4},"end":{"line":24,"column":5}},"type":"if","locations":[{"start":{"line":12,"column":4},"end":{"line":24,"column":5}},{"start":{"line":12,"column":4},"end":{"line":24,"column":5}}],"line":12},"1":{"loc":{"start":{"line":26,"column":4},"end":{"line":28,"column":5}},"type":"if","locations":[{"start":{"line":26,"column":4},"end":{"line":28,"column":5}},{"start":{"line":26,"column":4},"end":{"line":28,"column":5}}],"line":26}},"s":{"0":1,"1":1,"2":0,"3":1,"4":1,"5":1,"6":0,"7":1},"f":{"0":1,"1":1,"2":1},"b":{"0":[0,1],"1":[0,1]},"_coverageSchema":"332fd63041d2c1bcb487cc26dd0d5f7d97098a6c","hash":"f541f65af02c2566d42740dd35b2aeb4265d0654"}
,"/Users/jacobbogart/Turing/queenly/src/components/SearchSuggestion.js": {"path":"/Users/jacobbogart/Turing/queenly/src/components/SearchSuggestion.js","statementMap":{"0":{"start":{"line":5,"column":4},"end":{"line":5,"column":17}},"1":{"start":{"line":9,"column":4},"end":{"line":9,"column":51}},"2":{"start":{"line":13,"column":4},"end":{"line":19,"column":6}}},"fnMap":{"0":{"name":"(anonymous_0)","decl":{"start":{"line":4,"column":2},"end":{"line":4,"column":3}},"loc":{"start":{"line":4,"column":21},"end":{"line":6,"column":3}},"line":4},"1":{"name":"(anonymous_1)","decl":{"start":{"line":8,"column":14},"end":{"line":8,"column":15}},"loc":{"start":{"line":8,"column":20},"end":{"line":10,"column":3}},"line":8},"2":{"name":"(anonymous_2)","decl":{"start":{"line":12,"column":2},"end":{"line":12,"column":3}},"loc":{"start":{"line":12,"column":11},"end":{"line":20,"column":3}},"line":12}},"branchMap":{},"s":{"0":2,"1":1,"2":2},"f":{"0":2,"1":1,"2":2},"b":{},"_coverageSchema":"332fd63041d2c1bcb487cc26dd0d5f7d97098a6c","hash":"ceeb3149e2368fd5c47ed2d8bd53d429515cba88"}
,"/Users/jacobbogart/Turing/queenly/src/components/Show_Main.js": {"path":"/Users/jacobbogart/Turing/queenly/src/components/Show_Main.js","statementMap":{"0":{"start":{"line":5,"column":4},"end":{"line":5,"column":17}},"1":{"start":{"line":6,"column":4},"end":{"line":8,"column":5}},"2":{"start":{"line":12,"column":4},"end":{"line":25,"column":5}},"3":{"start":{"line":13,"column":6},"end":{"line":22,"column":7}},"4":{"start":{"line":15,"column":10},"end":{"line":15,"column":22}},"5":{"start":{"line":17,"column":10},"end":{"line":17,"column":33}},"6":{"start":{"line":19,"column":10},"end":{"line":19,"column":46}},"7":{"start":{"line":21,"column":10},"end":{"line":21,"column":46}},"8":{"start":{"line":24,"column":6},"end":{"line":24,"column":18}},"9":{"start":{"line":29,"column":4},"end":{"line":29,"column":46}},"10":{"start":{"line":33,"column":19},"end":{"line":33,"column":55}},"11":{"start":{"line":35,"column":4},"end":{"line":39,"column":5}},"12":{"start":{"line":36,"column":6},"end":{"line":36,"column":54}},"13":{"start":{"line":38,"column":6},"end":{"line":38,"column":74}},"14":{"start":{"line":43,"column":23},"end":{"line":43,"column":53}},"15":{"start":{"line":45,"column":4},"end":{"line":50,"column":6}},"16":{"start":{"line":52,"column":4},"end":{"line":55,"column":5}},"17":{"start":{"line":53,"column":6},"end":{"line":53,"column":54}},"18":{"start":{"line":54,"column":6},"end":{"line":54,"column":29}},"19":{"start":{"line":57,"column":4},"end":{"line":57,"column":37}},"20":{"start":{"line":61,"column":19},"end":{"line":65,"column":5}},"21":{"start":{"line":62,"column":6},"end":{"line":64,"column":7}},"22":{"start":{"line":63,"column":8},"end":{"line":63,"column":52}},"23":{"start":{"line":67,"column":4},"end":{"line":67,"column":25}},"24":{"start":{"line":71,"column":4},"end":{"line":71,"column":55}},"25":{"start":{"line":83,"column":8},"end":{"line":83,"column":27}},"26":{"start":{"line":85,"column":4},"end":{"line":111,"column":6}}},"fnMap":{"0":{"name":"(anonymous_0)","decl":{"start":{"line":4,"column":2},"end":{"line":4,"column":3}},"loc":{"start":{"line":4,"column":21},"end":{"line":9,"column":3}},"line":4},"1":{"name":"(anonymous_1)","decl":{"start":{"line":11,"column":19},"end":{"line":11,"column":20}},"loc":{"start":{"line":11,"column":27},"end":{"line":26,"column":3}},"line":11},"2":{"name":"(anonymous_2)","decl":{"start":{"line":28,"column":24},"end":{"line":28,"column":25}},"loc":{"start":{"line":28,"column":38},"end":{"line":30,"column":3}},"line":28},"3":{"name":"(anonymous_3)","decl":{"start":{"line":32,"column":16},"end":{"line":32,"column":17}},"loc":{"start":{"line":32,"column":54},"end":{"line":40,"column":3}},"line":32},"4":{"name":"(anonymous_4)","decl":{"start":{"line":42,"column":16},"end":{"line":42,"column":17}},"loc":{"start":{"line":42,"column":29},"end":{"line":58,"column":3}},"line":42},"5":{"name":"(anonymous_5)","decl":{"start":{"line":60,"column":16},"end":{"line":60,"column":17}},"loc":{"start":{"line":60,"column":22},"end":{"line":68,"column":3}},"line":60},"6":{"name":"(anonymous_6)","decl":{"start":{"line":61,"column":40},"end":{"line":61,"column":41}},"loc":{"start":{"line":62,"column":6},"end":{"line":64,"column":7}},"line":62},"7":{"name":"(anonymous_7)","decl":{"start":{"line":62,"column":21},"end":{"line":62,"column":22}},"loc":{"start":{"line":63,"column":8},"end":{"line":63,"column":52}},"line":63},"8":{"name":"(anonymous_8)","decl":{"start":{"line":70,"column":12},"end":{"line":70,"column":13}},"loc":{"start":{"line":70,"column":18},"end":{"line":72,"column":3}},"line":70},"9":{"name":"(anonymous_9)","decl":{"start":{"line":74,"column":2},"end":{"line":74,"column":3}},"loc":{"start":{"line":74,"column":11},"end":{"line":112,"column":3}},"line":74}},"branchMap":{"0":{"loc":{"start":{"line":12,"column":4},"end":{"line":25,"column":5}},"type":"if","locations":[{"start":{"line":12,"column":4},"end":{"line":25,"column":5}},{"start":{"line":12,"column":4},"end":{"line":25,"column":5}}],"line":12},"1":{"loc":{"start":{"line":13,"column":6},"end":{"line":22,"column":7}},"type":"switch","locations":[{"start":{"line":14,"column":8},"end":{"line":15,"column":22}},{"start":{"line":16,"column":8},"end":{"line":17,"column":33}},{"start":{"line":18,"column":8},"end":{"line":19,"column":46}},{"start":{"line":20,"column":8},"end":{"line":21,"column":46}}],"line":13},"2":{"loc":{"start":{"line":29,"column":11},"end":{"line":29,"column":45}},"type":"cond-expr","locations":[{"start":{"line":29,"column":24},"end":{"line":29,"column":31}},{"start":{"line":29,"column":34},"end":{"line":29,"column":45}}],"line":29},"3":{"loc":{"start":{"line":35,"column":4},"end":{"line":39,"column":5}},"type":"if","locations":[{"start":{"line":35,"column":4},"end":{"line":39,"column":5}},{"start":{"line":35,"column":4},"end":{"line":39,"column":5}}],"line":35},"4":{"loc":{"start":{"line":52,"column":4},"end":{"line":55,"column":5}},"type":"if","locations":[{"start":{"line":52,"column":4},"end":{"line":55,"column":5}},{"start":{"line":52,"column":4},"end":{"line":55,"column":5}}],"line":52},"5":{"loc":{"start":{"line":89,"column":11},"end":{"line":94,"column":11}},"type":"cond-expr","locations":[{"start":{"line":89,"column":20},"end":{"line":89,"column":24}},{"start":{"line":90,"column":12},"end":{"line":93,"column":18}}],"line":89}},"s":{"0":9,"1":9,"2":10,"3":10,"4":0,"5":9,"6":1,"7":0,"8":0,"9":13,"10":11,"11":11,"12":10,"13":1,"14":10,"15":10,"16":10,"17":10,"18":10,"19":10,"20":10,"21":10,"22":10,"23":10,"24":1,"25":9,"26":9},"f":{"0":9,"1":10,"2":13,"3":11,"4":10,"5":10,"6":10,"7":10,"8":1,"9":9},"b":{"0":[10,0],"1":[0,9,1,0],"2":[12,1],"3":[10,1],"4":[10,0],"5":[9,0]},"_coverageSchema":"332fd63041d2c1bcb487cc26dd0d5f7d97098a6c","hash":"9e03d75ed23a3bb715e28f2cd7847ad855f706f4"}
,"/Users/jacobbogart/Turing/queenly/src/components/SplashPage.js": {"path":"/Users/jacobbogart/Turing/queenly/src/components/SplashPage.js","statementMap":{"0":{"start":{"line":4,"column":19},"end":{"line":11,"column":1}},"1":{"start":{"line":5,"column":2},"end":{"line":10,"column":4}}},"fnMap":{"0":{"name":"(anonymous_0)","decl":{"start":{"line":4,"column":19},"end":{"line":4,"column":20}},"loc":{"start":{"line":4,"column":28},"end":{"line":11,"column":1}},"line":4}},"branchMap":{},"s":{"0":2,"1":1},"f":{"0":1},"b":{},"_coverageSchema":"332fd63041d2c1bcb487cc26dd0d5f7d97098a6c","hash":"731f1cf6420f8e27e06b2f5e996e2f98d03372dc"}
,"/Users/jacobbogart/Turing/queenly/src/components/Sub_Info.js": {"path":"/Users/jacobbogart/Turing/queenly/src/components/Sub_Info.js","statementMap":{"0":{"start":{"line":5,"column":4},"end":{"line":5,"column":17}},"1":{"start":{"line":11,"column":4},"end":{"line":21,"column":5}},"2":{"start":{"line":12,"column":6},"end":{"line":12,"column":38}},"3":{"start":{"line":13,"column":11},"end":{"line":21,"column":5}},"4":{"start":{"line":14,"column":6},"end":{"line":16,"column":43}},"5":{"start":{"line":18,"column":6},"end":{"line":20,"column":43}},"6":{"start":{"line":24,"column":6},"end":{"line":24,"column":30}},"7":{"start":{"line":27,"column":4},"end":{"line":34,"column":6}}},"fnMap":{"0":{"name":"(anonymous_0)","decl":{"start":{"line":4,"column":2},"end":{"line":4,"column":3}},"loc":{"start":{"line":4,"column":21},"end":{"line":6,"column":3}},"line":4},"1":{"name":"(anonymous_1)","decl":{"start":{"line":8,"column":2},"end":{"line":8,"column":3}},"loc":{"start":{"line":8,"column":11},"end":{"line":35,"column":3}},"line":8},"2":{"name":"createMarkup","decl":{"start":{"line":23,"column":13},"end":{"line":23,"column":25}},"loc":{"start":{"line":23,"column":28},"end":{"line":25,"column":5}},"line":23}},"branchMap":{"0":{"loc":{"start":{"line":11,"column":4},"end":{"line":21,"column":5}},"type":"if","locations":[{"start":{"line":11,"column":4},"end":{"line":21,"column":5}},{"start":{"line":11,"column":4},"end":{"line":21,"column":5}}],"line":11},"1":{"loc":{"start":{"line":13,"column":11},"end":{"line":21,"column":5}},"type":"if","locations":[{"start":{"line":13,"column":11},"end":{"line":21,"column":5}},{"start":{"line":13,"column":11},"end":{"line":21,"column":5}}],"line":13}},"s":{"0":1,"1":1,"2":1,"3":0,"4":0,"5":0,"6":1,"7":1},"f":{"0":1,"1":1,"2":1},"b":{"0":[1,0],"1":[0,0]},"_coverageSchema":"332fd63041d2c1bcb487cc26dd0d5f7d97098a6c","hash":"fb24a51656ea4839139c72ec51dc56baa0ef9d12"}
,"/Users/jacobbogart/Turing/queenly/src/components/Thumbnail.js": {"path":"/Users/jacobbogart/Turing/queenly/src/components/Thumbnail.js","statementMap":{"0":{"start":{"line":5,"column":4},"end":{"line":5,"column":17}},"1":{"start":{"line":9,"column":4},"end":{"line":9,"column":51}},"2":{"start":{"line":13,"column":4},"end":{"line":23,"column":5}}},"fnMap":{"0":{"name":"(anonymous_0)","decl":{"start":{"line":4,"column":2},"end":{"line":4,"column":3}},"loc":{"start":{"line":4,"column":21},"end":{"line":6,"column":3}},"line":4},"1":{"name":"(anonymous_1)","decl":{"start":{"line":8,"column":14},"end":{"line":8,"column":15}},"loc":{"start":{"line":8,"column":20},"end":{"line":10,"column":3}},"line":8},"2":{"name":"(anonymous_2)","decl":{"start":{"line":12,"column":2},"end":{"line":12,"column":3}},"loc":{"start":{"line":12,"column":11},"end":{"line":24,"column":3}},"line":12}},"branchMap":{},"s":{"0":2,"1":1,"2":2},"f":{"0":2,"1":1,"2":2},"b":{},"_coverageSchema":"332fd63041d2c1bcb487cc26dd0d5f7d97098a6c","hash":"e01d8512bdf40cf9b29689a470fb5bef09788356"}
}
