{"/Users/jacobbogart/Turing/queenly/src/helpers.js": {"path":"/Users/jacobbogart/Turing/queenly/src/helpers.js","statementMap":{"0":{"start":{"line":2,"column":19},"end":{"line":2,"column":48}},"1":{"start":{"line":3,"column":21},"end":{"line":3,"column":54}},"2":{"start":{"line":4,"column":20},"end":{"line":4,"column":50}},"3":{"start":{"line":5,"column":18},"end":{"line":5,"column":64}},"4":{"start":{"line":7,"column":2},"end":{"line":7,"column":17}},"5":{"start":{"line":11,"column":18},"end":{"line":11,"column":20}},"6":{"start":{"line":12,"column":14},"end":{"line":12,"column":39}},"7":{"start":{"line":13,"column":21},"end":{"line":14,"column":43}},"8":{"start":{"line":14,"column":4},"end":{"line":14,"column":42}},"9":{"start":{"line":16,"column":2},"end":{"line":16,"column":53}},"10":{"start":{"line":16,"column":32},"end":{"line":16,"column":51}},"11":{"start":{"line":18,"column":2},"end":{"line":18,"column":17}},"12":{"start":{"line":22,"column":18},"end":{"line":22,"column":20}},"13":{"start":{"line":23,"column":14},"end":{"line":23,"column":39}},"14":{"start":{"line":24,"column":14},"end":{"line":24,"column":44}},"15":{"start":{"line":24,"column":34},"end":{"line":24,"column":43}},"16":{"start":{"line":25,"column":22},"end":{"line":26,"column":44}},"17":{"start":{"line":26,"column":4},"end":{"line":26,"column":43}},"18":{"start":{"line":28,"column":2},"end":{"line":28,"column":54}},"19":{"start":{"line":28,"column":33},"end":{"line":28,"column":52}},"20":{"start":{"line":30,"column":2},"end":{"line":30,"column":17}},"21":{"start":{"line":34,"column":18},"end":{"line":34,"column":20}},"22":{"start":{"line":35,"column":14},"end":{"line":35,"column":39}},"23":{"start":{"line":36,"column":23},"end":{"line":37,"column":45}},"24":{"start":{"line":37,"column":4},"end":{"line":37,"column":44}},"25":{"start":{"line":39,"column":2},"end":{"line":39,"column":55}},"26":{"start":{"line":39,"column":34},"end":{"line":39,"column":53}},"27":{"start":{"line":41,"column":2},"end":{"line":41,"column":17}}},"fnMap":{"0":{"name":"search","decl":{"start":{"line":1,"column":16},"end":{"line":1,"column":22}},"loc":{"start":{"line":1,"column":50},"end":{"line":8,"column":1}},"line":1},"1":{"name":"searchBars","decl":{"start":{"line":10,"column":16},"end":{"line":10,"column":26}},"loc":{"start":{"line":10,"column":46},"end":{"line":19,"column":1}},"line":10},"2":{"name":"(anonymous_2)","decl":{"start":{"line":13,"column":33},"end":{"line":13,"column":34}},"loc":{"start":{"line":14,"column":4},"end":{"line":14,"column":42}},"line":14},"3":{"name":"(anonymous_3)","decl":{"start":{"line":16,"column":23},"end":{"line":16,"column":24}},"loc":{"start":{"line":16,"column":32},"end":{"line":16,"column":51}},"line":16},"4":{"name":"searchShows","decl":{"start":{"line":21,"column":16},"end":{"line":21,"column":27}},"loc":{"start":{"line":21,"column":47},"end":{"line":31,"column":1}},"line":21},"5":{"name":"(anonymous_5)","decl":{"start":{"line":24,"column":27},"end":{"line":24,"column":28}},"loc":{"start":{"line":24,"column":34},"end":{"line":24,"column":43}},"line":24},"6":{"name":"(anonymous_6)","decl":{"start":{"line":25,"column":35},"end":{"line":25,"column":36}},"loc":{"start":{"line":26,"column":4},"end":{"line":26,"column":43}},"line":26},"7":{"name":"(anonymous_7)","decl":{"start":{"line":28,"column":24},"end":{"line":28,"column":25}},"loc":{"start":{"line":28,"column":33},"end":{"line":28,"column":52}},"line":28},"8":{"name":"searchQueens","decl":{"start":{"line":33,"column":16},"end":{"line":33,"column":28}},"loc":{"start":{"line":33,"column":50},"end":{"line":42,"column":1}},"line":33},"9":{"name":"(anonymous_9)","decl":{"start":{"line":36,"column":37},"end":{"line":36,"column":38}},"loc":{"start":{"line":37,"column":4},"end":{"line":37,"column":44}},"line":37},"10":{"name":"(anonymous_10)","decl":{"start":{"line":39,"column":25},"end":{"line":39,"column":26}},"loc":{"start":{"line":39,"column":34},"end":{"line":39,"column":53}},"line":39}},"branchMap":{},"s":{"0":4,"1":4,"2":4,"3":4,"4":4,"5":5,"6":5,"7":5,"8":5,"9":5,"10":5,"11":5,"12":5,"13":5,"14":5,"15":5,"16":5,"17":5,"18":5,"19":1,"20":5,"21":5,"22":5,"23":5,"24":4,"25":5,"26":0,"27":5},"f":{"0":4,"1":5,"2":5,"3":5,"4":5,"5":5,"6":5,"7":1,"8":5,"9":4,"10":0},"b":{},"_coverageSchema":"332fd63041d2c1bcb487cc26dd0d5f7d97098a6c","hash":"0c2e08ce2f11a0ad2dc81d444a006dd2cae89f59"}
,"/Users/jacobbogart/Turing/queenly/src/index.js": {"path":"/Users/jacobbogart/Turing/queenly/src/index.js","statementMap":{"0":{"start":{"line":1,"column":0},"end":{"line":null,"column":-1}},"1":{"start":{"line":2,"column":0},"end":{"line":null,"column":-1}},"2":{"start":{"line":3,"column":0},"end":{"line":null,"column":-1}},"3":{"start":{"line":4,"column":0},"end":{"line":null,"column":-1}},"4":{"start":{"line":6,"column":0},"end":{"line":null,"column":-1}}},"fnMap":{},"branchMap":{},"s":{"0":0,"1":0,"2":0,"3":0,"4":0},"f":{},"b":{}}
,"/Users/jacobbogart/Turing/queenly/src/setupTests.js": {"path":"/Users/jacobbogart/Turing/queenly/src/setupTests.js","statementMap":{"0":{"start":{"line":4,"column":0},"end":{"line":4,"column":38}}},"fnMap":{},"branchMap":{},"s":{"0":15},"f":{},"b":{},"_coverageSchema":"332fd63041d2c1bcb487cc26dd0d5f7d97098a6c","hash":"18bbfedaaca3f7caa301c9c5b1945f1c38222d45"}
,"/Users/jacobbogart/Turing/queenly/src/components/App.js": {"path":"/Users/jacobbogart/Turing/queenly/src/components/App.js","statementMap":{"0":{"start":{"line":13,"column":4},"end":{"line":13,"column":12}},"1":{"start":{"line":14,"column":4},"end":{"line":25,"column":6}},"2":{"start":{"line":29,"column":27},"end":{"line":29,"column":76}},"3":{"start":{"line":30,"column":4},"end":{"line":32,"column":7}},"4":{"start":{"line":33,"column":4},"end":{"line":38,"column":38}},"5":{"start":{"line":36,"column":24},"end":{"line":36,"column":39}},"6":{"start":{"line":37,"column":20},"end":{"line":37,"column":54}},"7":{"start":{"line":38,"column":20},"end":{"line":38,"column":36}},"8":{"start":{"line":40,"column":4},"end":{"line":45,"column":38}},"9":{"start":{"line":43,"column":24},"end":{"line":43,"column":39}},"10":{"start":{"line":44,"column":20},"end":{"line":44,"column":58}},"11":{"start":{"line":45,"column":20},"end":{"line":45,"column":36}},"12":{"start":{"line":49,"column":4},"end":{"line":51,"column":7}},"13":{"start":{"line":55,"column":4},"end":{"line":62,"column":8}},"14":{"start":{"line":66,"column":4},"end":{"line":68,"column":6}},"15":{"start":{"line":72,"column":4},"end":{"line":74,"column":5}},"16":{"start":{"line":73,"column":6},"end":{"line":73,"column":25}},"17":{"start":{"line":76,"column":4},"end":{"line":81,"column":7}},"18":{"start":{"line":85,"column":4},"end":{"line":89,"column":7}},"19":{"start":{"line":93,"column":4},"end":{"line":98,"column":7}},"20":{"start":{"line":102,"column":19},"end":{"line":107,"column":5}},"21":{"start":{"line":109,"column":4},"end":{"line":112,"column":39}},"22":{"start":{"line":116,"column":4},"end":{"line":120,"column":7}},"23":{"start":{"line":124,"column":6},"end":{"line":126,"column":9}},"24":{"start":{"line":133,"column":6},"end":{"line":141,"column":8}},"25":{"start":{"line":144,"column":6},"end":{"line":149,"column":8}},"26":{"start":{"line":152,"column":6},"end":{"line":160,"column":8}},"27":{"start":{"line":162,"column":4},"end":{"line":168,"column":5}},"28":{"start":{"line":163,"column":6},"end":{"line":163,"column":33}},"29":{"start":{"line":164,"column":11},"end":{"line":168,"column":5}},"30":{"start":{"line":165,"column":6},"end":{"line":165,"column":36}},"31":{"start":{"line":167,"column":6},"end":{"line":167,"column":27}},"32":{"start":{"line":170,"column":4},"end":{"line":190,"column":6}}},"fnMap":{"0":{"name":"(anonymous_0)","decl":{"start":{"line":12,"column":2},"end":{"line":12,"column":3}},"loc":{"start":{"line":12,"column":16},"end":{"line":26,"column":3}},"line":12},"1":{"name":"(anonymous_1)","decl":{"start":{"line":28,"column":2},"end":{"line":28,"column":3}},"loc":{"start":{"line":28,"column":22},"end":{"line":46,"column":3}},"line":28},"2":{"name":"(anonymous_2)","decl":{"start":{"line":36,"column":12},"end":{"line":36,"column":13}},"loc":{"start":{"line":36,"column":24},"end":{"line":36,"column":39}},"line":36},"3":{"name":"(anonymous_3)","decl":{"start":{"line":37,"column":12},"end":{"line":37,"column":13}},"loc":{"start":{"line":37,"column":20},"end":{"line":37,"column":54}},"line":37},"4":{"name":"(anonymous_4)","decl":{"start":{"line":38,"column":13},"end":{"line":38,"column":14}},"loc":{"start":{"line":38,"column":20},"end":{"line":38,"column":36}},"line":38},"5":{"name":"(anonymous_5)","decl":{"start":{"line":43,"column":12},"end":{"line":43,"column":13}},"loc":{"start":{"line":43,"column":24},"end":{"line":43,"column":39}},"line":43},"6":{"name":"(anonymous_6)","decl":{"start":{"line":44,"column":12},"end":{"line":44,"column":13}},"loc":{"start":{"line":44,"column":20},"end":{"line":44,"column":58}},"line":44},"7":{"name":"(anonymous_7)","decl":{"start":{"line":45,"column":13},"end":{"line":45,"column":14}},"loc":{"start":{"line":45,"column":20},"end":{"line":45,"column":36}},"line":45},"8":{"name":"(anonymous_8)","decl":{"start":{"line":48,"column":20},"end":{"line":48,"column":21}},"loc":{"start":{"line":48,"column":34},"end":{"line":52,"column":3}},"line":48},"9":{"name":"(anonymous_9)","decl":{"start":{"line":54,"column":24},"end":{"line":54,"column":25}},"loc":{"start":{"line":54,"column":33},"end":{"line":63,"column":3}},"line":54},"10":{"name":"(anonymous_10)","decl":{"start":{"line":65,"column":16},"end":{"line":65,"column":17}},"loc":{"start":{"line":65,"column":27},"end":{"line":69,"column":3}},"line":65},"11":{"name":"(anonymous_11)","decl":{"start":{"line":71,"column":23},"end":{"line":71,"column":24}},"loc":{"start":{"line":71,"column":37},"end":{"line":82,"column":3}},"line":71},"12":{"name":"(anonymous_12)","decl":{"start":{"line":84,"column":16},"end":{"line":84,"column":17}},"loc":{"start":{"line":84,"column":22},"end":{"line":90,"column":3}},"line":84},"13":{"name":"(anonymous_13)","decl":{"start":{"line":92,"column":28},"end":{"line":92,"column":29}},"loc":{"start":{"line":92,"column":34},"end":{"line":99,"column":3}},"line":92},"14":{"name":"(anonymous_14)","decl":{"start":{"line":101,"column":21},"end":{"line":101,"column":22}},"loc":{"start":{"line":101,"column":29},"end":{"line":113,"column":3}},"line":101},"15":{"name":"(anonymous_15)","decl":{"start":{"line":115,"column":22},"end":{"line":115,"column":23}},"loc":{"start":{"line":115,"column":28},"end":{"line":121,"column":3}},"line":115},"16":{"name":"(anonymous_16)","decl":{"start":{"line":123,"column":26},"end":{"line":123,"column":27}},"loc":{"start":{"line":123,"column":32},"end":{"line":127,"column":3}},"line":123},"17":{"name":"(anonymous_17)","decl":{"start":{"line":129,"column":2},"end":{"line":129,"column":3}},"loc":{"start":{"line":129,"column":11},"end":{"line":191,"column":3}},"line":129}},"branchMap":{"0":{"loc":{"start":{"line":55,"column":4},"end":{"line":62,"column":8}},"type":"cond-expr","locations":[{"start":{"line":56,"column":8},"end":{"line":59,"column":10}},{"start":{"line":60,"column":8},"end":{"line":62,"column":8}}],"line":55},"1":{"loc":{"start":{"line":72,"column":4},"end":{"line":74,"column":5}},"type":"if","locations":[{"start":{"line":72,"column":4},"end":{"line":74,"column":5}},{"start":{"line":72,"column":4},"end":{"line":74,"column":5}}],"line":72},"2":{"loc":{"start":{"line":72,"column":8},"end":{"line":72,"column":66}},"type":"binary-expr","locations":[{"start":{"line":72,"column":8},"end":{"line":72,"column":33}},{"start":{"line":72,"column":37},"end":{"line":72,"column":66}}],"line":72},"3":{"loc":{"start":{"line":106,"column":17},"end":{"line":106,"column":47}},"type":"binary-expr","locations":[{"start":{"line":106,"column":17},"end":{"line":106,"column":41}},{"start":{"line":106,"column":45},"end":{"line":106,"column":47}}],"line":106},"4":{"loc":{"start":{"line":162,"column":4},"end":{"line":168,"column":5}},"type":"if","locations":[{"start":{"line":162,"column":4},"end":{"line":168,"column":5}},{"start":{"line":162,"column":4},"end":{"line":168,"column":5}}],"line":162},"5":{"loc":{"start":{"line":164,"column":11},"end":{"line":168,"column":5}},"type":"if","locations":[{"start":{"line":164,"column":11},"end":{"line":168,"column":5}},{"start":{"line":164,"column":11},"end":{"line":168,"column":5}}],"line":164}},"s":{"0":13,"1":13,"2":13,"3":13,"4":13,"5":0,"6":0,"7":0,"8":13,"9":0,"10":0,"11":0,"12":1,"13":1,"14":1,"15":3,"16":2,"17":3,"18":3,"19":2,"20":1,"21":1,"22":1,"23":1,"24":45,"25":45,"26":45,"27":45,"28":35,"29":10,"30":3,"31":7,"32":45},"f":{"0":13,"1":13,"2":0,"3":0,"4":0,"5":0,"6":0,"7":0,"8":1,"9":1,"10":1,"11":3,"12":3,"13":2,"14":1,"15":1,"16":1,"17":45},"b":{"0":[1,0],"1":[2,1],"2":[3,1],"3":[1,1],"4":[35,10],"5":[3,7]},"_coverageSchema":"332fd63041d2c1bcb487cc26dd0d5f7d97098a6c","hash":"96500f3036411c0b631be7ddae2409468c137de6"}
,"/Users/jacobbogart/Turing/queenly/src/components/Bar_Main.js": {"path":"/Users/jacobbogart/Turing/queenly/src/components/Bar_Main.js","statementMap":{"0":{"start":{"line":8,"column":4},"end":{"line":8,"column":17}},"1":{"start":{"line":13,"column":8},"end":{"line":13,"column":27}},"2":{"start":{"line":15,"column":8},"end":{"line":15,"column":24}},"3":{"start":{"line":17,"column":4},"end":{"line":44,"column":6}}},"fnMap":{"0":{"name":"(anonymous_0)","decl":{"start":{"line":7,"column":2},"end":{"line":7,"column":3}},"loc":{"start":{"line":7,"column":21},"end":{"line":9,"column":3}},"line":7},"1":{"name":"(anonymous_1)","decl":{"start":{"line":11,"column":2},"end":{"line":11,"column":3}},"loc":{"start":{"line":11,"column":11},"end":{"line":45,"column":3}},"line":11}},"branchMap":{"0":{"loc":{"start":{"line":30,"column":11},"end":{"line":35,"column":11}},"type":"cond-expr","locations":[{"start":{"line":30,"column":20},"end":{"line":30,"column":24}},{"start":{"line":31,"column":12},"end":{"line":34,"column":18}}],"line":30}},"s":{"0":1,"1":1,"2":1,"3":1},"f":{"0":1,"1":1},"b":{"0":[1,0]},"_coverageSchema":"332fd63041d2c1bcb487cc26dd0d5f7d97098a6c","hash":"f73f1a92abd84af5151170a276d6977f08213fc6"}
,"/Users/jacobbogart/Turing/queenly/src/components/Card.js": {"path":"/Users/jacobbogart/Turing/queenly/src/components/Card.js","statementMap":{"0":{"start":{"line":15,"column":4},"end":{"line":15,"column":17}},"1":{"start":{"line":17,"column":4},"end":{"line":27,"column":6}},"2":{"start":{"line":31,"column":4},"end":{"line":31,"column":25}},"3":{"start":{"line":35,"column":4},"end":{"line":42,"column":5}},"4":{"start":{"line":36,"column":31},"end":{"line":36,"column":107}},"5":{"start":{"line":36,"column":95},"end":{"line":36,"column":106}},"6":{"start":{"line":37,"column":6},"end":{"line":41,"column":7}},"7":{"start":{"line":38,"column":8},"end":{"line":40,"column":10}},"8":{"start":{"line":46,"column":4},"end":{"line":50,"column":5}},"9":{"start":{"line":47,"column":6},"end":{"line":47,"column":33}},"10":{"start":{"line":49,"column":6},"end":{"line":49,"column":28}},"11":{"start":{"line":51,"column":4},"end":{"line":53,"column":7}},"12":{"start":{"line":57,"column":31},"end":{"line":57,"column":80}},"13":{"start":{"line":58,"column":22},"end":{"line":58,"column":99}},"14":{"start":{"line":58,"column":55},"end":{"line":58,"column":64}},"15":{"start":{"line":59,"column":4},"end":{"line":59,"column":48}},"16":{"start":{"line":60,"column":4},"end":{"line":60,"column":80}},"17":{"start":{"line":61,"column":4},"end":{"line":61,"column":53}},"18":{"start":{"line":66,"column":4},"end":{"line":73,"column":5}},"19":{"start":{"line":67,"column":6},"end":{"line":67,"column":79}},"20":{"start":{"line":68,"column":6},"end":{"line":68,"column":53}},"21":{"start":{"line":69,"column":6},"end":{"line":69,"column":82}},"22":{"start":{"line":71,"column":6},"end":{"line":71,"column":51}},"23":{"start":{"line":72,"column":6},"end":{"line":72,"column":82}},"24":{"start":{"line":74,"column":4},"end":{"line":74,"column":53}},"25":{"start":{"line":79,"column":21},"end":{"line":79,"column":40}},"26":{"start":{"line":80,"column":19},"end":{"line":80,"column":27}},"27":{"start":{"line":82,"column":19},"end":{"line":82,"column":24}},"28":{"start":{"line":84,"column":4},"end":{"line":89,"column":5}},"29":{"start":{"line":85,"column":31},"end":{"line":85,"column":107}},"30":{"start":{"line":85,"column":95},"end":{"line":85,"column":106}},"31":{"start":{"line":86,"column":6},"end":{"line":88,"column":7}},"32":{"start":{"line":87,"column":10},"end":{"line":87,"column":25}},"33":{"start":{"line":91,"column":4},"end":{"line":112,"column":5}},"34":{"start":{"line":92,"column":6},"end":{"line":96,"column":11}},"35":{"start":{"line":97,"column":6},"end":{"line":97,"column":23}},"36":{"start":{"line":98,"column":11},"end":{"line":112,"column":5}},"37":{"start":{"line":99,"column":6},"end":{"line":103,"column":11}},"38":{"start":{"line":104,"column":6},"end":{"line":104,"column":24}},"39":{"start":{"line":106,"column":6},"end":{"line":110,"column":11}},"40":{"start":{"line":111,"column":6},"end":{"line":111,"column":23}},"41":{"start":{"line":114,"column":4},"end":{"line":138,"column":6}}},"fnMap":{"0":{"name":"(anonymous_0)","decl":{"start":{"line":14,"column":2},"end":{"line":14,"column":3}},"loc":{"start":{"line":14,"column":21},"end":{"line":28,"column":3}},"line":14},"1":{"name":"(anonymous_1)","decl":{"start":{"line":30,"column":2},"end":{"line":30,"column":3}},"loc":{"start":{"line":30,"column":22},"end":{"line":32,"column":3}},"line":30},"2":{"name":"(anonymous_2)","decl":{"start":{"line":34,"column":18},"end":{"line":34,"column":19}},"loc":{"start":{"line":34,"column":24},"end":{"line":43,"column":3}},"line":34},"3":{"name":"(anonymous_3)","decl":{"start":{"line":36,"column":85},"end":{"line":36,"column":86}},"loc":{"start":{"line":36,"column":95},"end":{"line":36,"column":106}},"line":36},"4":{"name":"(anonymous_4)","decl":{"start":{"line":45,"column":20},"end":{"line":45,"column":21}},"loc":{"start":{"line":45,"column":26},"end":{"line":54,"column":3}},"line":45},"5":{"name":"(anonymous_5)","decl":{"start":{"line":56,"column":24},"end":{"line":56,"column":25}},"loc":{"start":{"line":56,"column":30},"end":{"line":62,"column":3}},"line":56},"6":{"name":"(anonymous_6)","decl":{"start":{"line":58,"column":47},"end":{"line":58,"column":48}},"loc":{"start":{"line":58,"column":55},"end":{"line":58,"column":64}},"line":58},"7":{"name":"(anonymous_7)","decl":{"start":{"line":64,"column":19},"end":{"line":64,"column":20}},"loc":{"start":{"line":64,"column":25},"end":{"line":75,"column":3}},"line":64},"8":{"name":"(anonymous_8)","decl":{"start":{"line":78,"column":2},"end":{"line":78,"column":3}},"loc":{"start":{"line":78,"column":11},"end":{"line":139,"column":3}},"line":78},"9":{"name":"(anonymous_9)","decl":{"start":{"line":85,"column":85},"end":{"line":85,"column":86}},"loc":{"start":{"line":85,"column":95},"end":{"line":85,"column":106}},"line":85}},"branchMap":{"0":{"loc":{"start":{"line":35,"column":4},"end":{"line":42,"column":5}},"type":"if","locations":[{"start":{"line":35,"column":4},"end":{"line":42,"column":5}},{"start":{"line":35,"column":4},"end":{"line":42,"column":5}}],"line":35},"1":{"loc":{"start":{"line":37,"column":6},"end":{"line":41,"column":7}},"type":"if","locations":[{"start":{"line":37,"column":6},"end":{"line":41,"column":7}},{"start":{"line":37,"column":6},"end":{"line":41,"column":7}}],"line":37},"2":{"loc":{"start":{"line":46,"column":4},"end":{"line":50,"column":5}},"type":"if","locations":[{"start":{"line":46,"column":4},"end":{"line":50,"column":5}},{"start":{"line":46,"column":4},"end":{"line":50,"column":5}}],"line":46},"3":{"loc":{"start":{"line":66,"column":4},"end":{"line":73,"column":5}},"type":"if","locations":[{"start":{"line":66,"column":4},"end":{"line":73,"column":5}},{"start":{"line":66,"column":4},"end":{"line":73,"column":5}}],"line":66},"4":{"loc":{"start":{"line":84,"column":4},"end":{"line":89,"column":5}},"type":"if","locations":[{"start":{"line":84,"column":4},"end":{"line":89,"column":5}},{"start":{"line":84,"column":4},"end":{"line":89,"column":5}}],"line":84},"5":{"loc":{"start":{"line":86,"column":6},"end":{"line":88,"column":7}},"type":"if","locations":[{"start":{"line":86,"column":6},"end":{"line":88,"column":7}},{"start":{"line":86,"column":6},"end":{"line":88,"column":7}}],"line":86},"6":{"loc":{"start":{"line":91,"column":4},"end":{"line":112,"column":5}},"type":"if","locations":[{"start":{"line":91,"column":4},"end":{"line":112,"column":5}},{"start":{"line":91,"column":4},"end":{"line":112,"column":5}}],"line":91},"7":{"loc":{"start":{"line":98,"column":11},"end":{"line":112,"column":5}},"type":"if","locations":[{"start":{"line":98,"column":11},"end":{"line":112,"column":5}},{"start":{"line":98,"column":11},"end":{"line":112,"column":5}}],"line":98}},"s":{"0":7,"1":7,"2":7,"3":7,"4":3,"5":0,"6":3,"7":0,"8":6,"9":2,"10":4,"11":6,"12":1,"13":1,"14":1,"15":1,"16":1,"17":1,"18":2,"19":0,"20":0,"21":0,"22":2,"23":2,"24":2,"25":13,"26":13,"27":13,"28":13,"29":9,"30":2,"31":9,"32":2,"33":13,"34":13,"35":13,"36":0,"37":0,"38":0,"39":0,"40":0,"41":13},"f":{"0":7,"1":7,"2":7,"3":0,"4":6,"5":1,"6":1,"7":2,"8":13,"9":2},"b":{"0":[3,4],"1":[0,3],"2":[2,4],"3":[0,2],"4":[9,4],"5":[2,7],"6":[13,0],"7":[0,0]},"_coverageSchema":"332fd63041d2c1bcb487cc26dd0d5f7d97098a6c","hash":"9f78ee7cb28eb8d36d1c3d2cc31de40e0260bdcf"}
,"/Users/jacobbogart/Turing/queenly/src/components/Favorites.js": {"path":"/Users/jacobbogart/Turing/queenly/src/components/Favorites.js","statementMap":{"0":{"start":{"line":5,"column":4},"end":{"line":5,"column":17}},"1":{"start":{"line":9,"column":4},"end":{"line":9,"column":45}},"2":{"start":{"line":10,"column":4},"end":{"line":10,"column":41}},"3":{"start":{"line":14,"column":4},"end":{"line":18,"column":6}}},"fnMap":{"0":{"name":"(anonymous_0)","decl":{"start":{"line":4,"column":2},"end":{"line":4,"column":3}},"loc":{"start":{"line":4,"column":21},"end":{"line":6,"column":3}},"line":4},"1":{"name":"(anonymous_1)","decl":{"start":{"line":8,"column":18},"end":{"line":8,"column":19}},"loc":{"start":{"line":8,"column":24},"end":{"line":11,"column":3}},"line":8},"2":{"name":"(anonymous_2)","decl":{"start":{"line":13,"column":2},"end":{"line":13,"column":3}},"loc":{"start":{"line":13,"column":11},"end":{"line":19,"column":3}},"line":13}},"branchMap":{},"s":{"0":2,"1":1,"2":1,"3":2},"f":{"0":2,"1":1,"2":2},"b":{},"_coverageSchema":"332fd63041d2c1bcb487cc26dd0d5f7d97098a6c","hash":"0f58387632b451bdb0cdf93e8e50b9011c6bd7de"}
,"/Users/jacobbogart/Turing/queenly/src/components/Gallery.js": {"path":"/Users/jacobbogart/Turing/queenly/src/components/Gallery.js","statementMap":{"0":{"start":{"line":10,"column":4},"end":{"line":10,"column":17}},"1":{"start":{"line":16,"column":4},"end":{"line":25,"column":5}},"2":{"start":{"line":17,"column":6},"end":{"line":17,"column":46}},"3":{"start":{"line":18,"column":11},"end":{"line":25,"column":5}},"4":{"start":{"line":19,"column":6},"end":{"line":19,"column":102}},"5":{"start":{"line":19,"column":54},"end":{"line":19,"column":100}},"6":{"start":{"line":20,"column":11},"end":{"line":25,"column":5}},"7":{"start":{"line":21,"column":6},"end":{"line":21,"column":23}},"8":{"start":{"line":22,"column":6},"end":{"line":24,"column":8}},"9":{"start":{"line":23,"column":8},"end":{"line":23,"column":63}},"10":{"start":{"line":26,"column":4},"end":{"line":37,"column":6}},"11":{"start":{"line":29,"column":8},"end":{"line":34,"column":12}}},"fnMap":{"0":{"name":"(anonymous_0)","decl":{"start":{"line":9,"column":2},"end":{"line":9,"column":3}},"loc":{"start":{"line":9,"column":21},"end":{"line":11,"column":3}},"line":9},"1":{"name":"(anonymous_1)","decl":{"start":{"line":13,"column":2},"end":{"line":13,"column":3}},"loc":{"start":{"line":13,"column":11},"end":{"line":38,"column":3}},"line":13},"2":{"name":"(anonymous_2)","decl":{"start":{"line":19,"column":45},"end":{"line":19,"column":46}},"loc":{"start":{"line":19,"column":54},"end":{"line":19,"column":100}},"line":19},"3":{"name":"(anonymous_3)","decl":{"start":{"line":22,"column":40},"end":{"line":22,"column":41}},"loc":{"start":{"line":22,"column":48},"end":{"line":24,"column":7}},"line":22},"4":{"name":"(anonymous_4)","decl":{"start":{"line":28,"column":25},"end":{"line":28,"column":26}},"loc":{"start":{"line":29,"column":8},"end":{"line":34,"column":12}},"line":29}},"branchMap":{"0":{"loc":{"start":{"line":16,"column":4},"end":{"line":25,"column":5}},"type":"if","locations":[{"start":{"line":16,"column":4},"end":{"line":25,"column":5}},{"start":{"line":16,"column":4},"end":{"line":25,"column":5}}],"line":16},"1":{"loc":{"start":{"line":18,"column":11},"end":{"line":25,"column":5}},"type":"if","locations":[{"start":{"line":18,"column":11},"end":{"line":25,"column":5}},{"start":{"line":18,"column":11},"end":{"line":25,"column":5}}],"line":18},"2":{"loc":{"start":{"line":20,"column":11},"end":{"line":25,"column":5}},"type":"if","locations":[{"start":{"line":20,"column":11},"end":{"line":25,"column":5}},{"start":{"line":20,"column":11},"end":{"line":25,"column":5}}],"line":20}},"s":{"0":1,"1":1,"2":0,"3":1,"4":1,"5":0,"6":0,"7":0,"8":0,"9":0,"10":1,"11":0},"f":{"0":1,"1":1,"2":0,"3":0,"4":0},"b":{"0":[0,1],"1":[1,0],"2":[0,0]},"_coverageSchema":"332fd63041d2c1bcb487cc26dd0d5f7d97098a6c","hash":"e55c879334adc8f493d130d3a753bf45ad303419"}
,"/Users/jacobbogart/Turing/queenly/src/components/Hamburger.js": {"path":"/Users/jacobbogart/Turing/queenly/src/components/Hamburger.js","statementMap":{"0":{"start":{"line":5,"column":4},"end":{"line":5,"column":17}},"1":{"start":{"line":6,"column":4},"end":{"line":8,"column":6}},"2":{"start":{"line":12,"column":4},"end":{"line":14,"column":42}},"3":{"start":{"line":18,"column":4},"end":{"line":18,"column":39}},"4":{"start":{"line":22,"column":15},"end":{"line":22,"column":47}},"5":{"start":{"line":23,"column":4},"end":{"line":23,"column":38}},"6":{"start":{"line":24,"column":4},"end":{"line":24,"column":41}},"7":{"start":{"line":28,"column":4},"end":{"line":60,"column":5}},"8":{"start":{"line":29,"column":6},"end":{"line":53,"column":8}},"9":{"start":{"line":55,"column":6},"end":{"line":59,"column":8}}},"fnMap":{"0":{"name":"(anonymous_0)","decl":{"start":{"line":4,"column":2},"end":{"line":4,"column":3}},"loc":{"start":{"line":4,"column":21},"end":{"line":9,"column":3}},"line":4},"1":{"name":"(anonymous_1)","decl":{"start":{"line":11,"column":17},"end":{"line":11,"column":18}},"loc":{"start":{"line":11,"column":23},"end":{"line":15,"column":3}},"line":11},"2":{"name":"(anonymous_2)","decl":{"start":{"line":17,"column":19},"end":{"line":17,"column":20}},"loc":{"start":{"line":17,"column":25},"end":{"line":19,"column":3}},"line":17},"3":{"name":"(anonymous_3)","decl":{"start":{"line":21,"column":19},"end":{"line":21,"column":20}},"loc":{"start":{"line":21,"column":28},"end":{"line":25,"column":3}},"line":21},"4":{"name":"(anonymous_4)","decl":{"start":{"line":27,"column":2},"end":{"line":27,"column":3}},"loc":{"start":{"line":27,"column":11},"end":{"line":61,"column":3}},"line":27}},"branchMap":{"0":{"loc":{"start":{"line":12,"column":4},"end":{"line":14,"column":41}},"type":"cond-expr","locations":[{"start":{"line":13,"column":8},"end":{"line":13,"column":42}},{"start":{"line":14,"column":8},"end":{"line":14,"column":41}}],"line":12},"1":{"loc":{"start":{"line":28,"column":4},"end":{"line":60,"column":5}},"type":"if","locations":[{"start":{"line":28,"column":4},"end":{"line":60,"column":5}},{"start":{"line":28,"column":4},"end":{"line":60,"column":5}}],"line":28}},"s":{"0":5,"1":5,"2":3,"3":1,"4":1,"5":1,"6":1,"7":9,"8":2,"9":7},"f":{"0":5,"1":3,"2":1,"3":1,"4":9},"b":{"0":[1,2],"1":[2,7]},"_coverageSchema":"332fd63041d2c1bcb487cc26dd0d5f7d97098a6c","hash":"83c3f0c268c88e2c05b2c5553e2169d77162ab54"}
,"/Users/jacobbogart/Turing/queenly/src/components/NavBar.js": {"path":"/Users/jacobbogart/Turing/queenly/src/components/NavBar.js","statementMap":{"0":{"start":{"line":9,"column":4},"end":{"line":9,"column":17}},"1":{"start":{"line":13,"column":4},"end":{"line":13,"column":35}},"2":{"start":{"line":17,"column":4},"end":{"line":22,"column":5}},"3":{"start":{"line":19,"column":8},"end":{"line":20,"column":57}},"4":{"start":{"line":21,"column":22},"end":{"line":21,"column":51}},"5":{"start":{"line":24,"column":4},"end":{"line":34,"column":6}}},"fnMap":{"0":{"name":"(anonymous_0)","decl":{"start":{"line":8,"column":2},"end":{"line":8,"column":3}},"loc":{"start":{"line":8,"column":21},"end":{"line":10,"column":3}},"line":8},"1":{"name":"(anonymous_1)","decl":{"start":{"line":12,"column":22},"end":{"line":12,"column":23}},"loc":{"start":{"line":12,"column":28},"end":{"line":14,"column":3}},"line":12},"2":{"name":"(anonymous_2)","decl":{"start":{"line":16,"column":2},"end":{"line":16,"column":3}},"loc":{"start":{"line":16,"column":11},"end":{"line":35,"column":3}},"line":16}},"branchMap":{"0":{"loc":{"start":{"line":17,"column":4},"end":{"line":22,"column":5}},"type":"if","locations":[{"start":{"line":17,"column":4},"end":{"line":22,"column":5}},{"start":{"line":17,"column":4},"end":{"line":22,"column":5}}],"line":17}},"s":{"0":7,"1":1,"2":7,"3":5,"4":5,"5":7},"f":{"0":7,"1":1,"2":7},"b":{"0":[5,2]},"_coverageSchema":"332fd63041d2c1bcb487cc26dd0d5f7d97098a6c","hash":"59cc11ad1e267d32decf674a52c534a670f04d19"}
,"/Users/jacobbogart/Turing/queenly/src/components/Queen_Main.js": {"path":"/Users/jacobbogart/Turing/queenly/src/components/Queen_Main.js","statementMap":{"0":{"start":{"line":7,"column":4},"end":{"line":7,"column":17}},"1":{"start":{"line":12,"column":8},"end":{"line":12,"column":27}},"2":{"start":{"line":14,"column":8},"end":{"line":14,"column":24}},"3":{"start":{"line":16,"column":4},"end":{"line":35,"column":6}}},"fnMap":{"0":{"name":"(anonymous_0)","decl":{"start":{"line":6,"column":2},"end":{"line":6,"column":3}},"loc":{"start":{"line":6,"column":21},"end":{"line":8,"column":3}},"line":6},"1":{"name":"(anonymous_1)","decl":{"start":{"line":10,"column":2},"end":{"line":10,"column":3}},"loc":{"start":{"line":10,"column":11},"end":{"line":36,"column":3}},"line":10}},"branchMap":{},"s":{"0":1,"1":1,"2":1,"3":1},"f":{"0":1,"1":1},"b":{},"_coverageSchema":"332fd63041d2c1bcb487cc26dd0d5f7d97098a6c","hash":"b2e7a5fd1c8da539b031b60123d2a2e226fb48fd"}
,"/Users/jacobbogart/Turing/queenly/src/components/SearchBar.js": {"path":"/Users/jacobbogart/Turing/queenly/src/components/SearchBar.js","statementMap":{"0":{"start":{"line":7,"column":4},"end":{"line":7,"column":17}},"1":{"start":{"line":8,"column":4},"end":{"line":10,"column":5}},"2":{"start":{"line":14,"column":4},"end":{"line":19,"column":5}},"3":{"start":{"line":15,"column":6},"end":{"line":15,"column":53}},"4":{"start":{"line":16,"column":6},"end":{"line":18,"column":9}},"5":{"start":{"line":23,"column":4},"end":{"line":23,"column":23}},"6":{"start":{"line":24,"column":4},"end":{"line":24,"column":41}},"7":{"start":{"line":25,"column":4},"end":{"line":25,"column":28}},"8":{"start":{"line":26,"column":4},"end":{"line":26,"column":51}},"9":{"start":{"line":30,"column":4},"end":{"line":30,"column":32}},"10":{"start":{"line":35,"column":4},"end":{"line":68,"column":6}},"11":{"start":{"line":43,"column":24},"end":{"line":43,"column":45}},"12":{"start":{"line":59,"column":12},"end":{"line":64,"column":14}}},"fnMap":{"0":{"name":"(anonymous_0)","decl":{"start":{"line":6,"column":2},"end":{"line":6,"column":3}},"loc":{"start":{"line":6,"column":21},"end":{"line":11,"column":3}},"line":6},"1":{"name":"(anonymous_1)","decl":{"start":{"line":13,"column":17},"end":{"line":13,"column":18}},"loc":{"start":{"line":13,"column":22},"end":{"line":20,"column":3}},"line":13},"2":{"name":"(anonymous_2)","decl":{"start":{"line":22,"column":16},"end":{"line":22,"column":17}},"loc":{"start":{"line":22,"column":21},"end":{"line":27,"column":3}},"line":22},"3":{"name":"(anonymous_3)","decl":{"start":{"line":29,"column":21},"end":{"line":29,"column":22}},"loc":{"start":{"line":29,"column":27},"end":{"line":31,"column":3}},"line":29},"4":{"name":"(anonymous_4)","decl":{"start":{"line":34,"column":2},"end":{"line":34,"column":3}},"loc":{"start":{"line":34,"column":11},"end":{"line":69,"column":3}},"line":34},"5":{"name":"(anonymous_5)","decl":{"start":{"line":43,"column":17},"end":{"line":43,"column":18}},"loc":{"start":{"line":43,"column":24},"end":{"line":43,"column":45}},"line":43},"6":{"name":"(anonymous_6)","decl":{"start":{"line":58,"column":52},"end":{"line":58,"column":53}},"loc":{"start":{"line":59,"column":12},"end":{"line":64,"column":14}},"line":59}},"branchMap":{"0":{"loc":{"start":{"line":14,"column":4},"end":{"line":19,"column":5}},"type":"if","locations":[{"start":{"line":14,"column":4},"end":{"line":19,"column":5}},{"start":{"line":14,"column":4},"end":{"line":19,"column":5}}],"line":14},"1":{"loc":{"start":{"line":55,"column":21},"end":{"line":55,"column":75}},"type":"cond-expr","locations":[{"start":{"line":55,"column":59},"end":{"line":55,"column":66}},{"start":{"line":55,"column":69},"end":{"line":55,"column":75}}],"line":55}},"s":{"0":6,"1":6,"2":1,"3":1,"4":1,"5":3,"6":3,"7":3,"8":3,"9":0,"10":7,"11":0,"12":7},"f":{"0":6,"1":1,"2":3,"3":0,"4":7,"5":0,"6":7},"b":{"0":[1,0],"1":[0,7]},"_coverageSchema":"332fd63041d2c1bcb487cc26dd0d5f7d97098a6c","hash":"e716a00b6134a294ce3d9b1308842d6efd921ee1"}
,"/Users/jacobbogart/Turing/queenly/src/components/SearchResults.js": {"path":"/Users/jacobbogart/Turing/queenly/src/components/SearchResults.js","statementMap":{"0":{"start":{"line":8,"column":4},"end":{"line":8,"column":17}},"1":{"start":{"line":14,"column":4},"end":{"line":26,"column":5}},"2":{"start":{"line":15,"column":6},"end":{"line":16,"column":34}},"3":{"start":{"line":18,"column":6},"end":{"line":25,"column":8}},"4":{"start":{"line":19,"column":8},"end":{"line":24,"column":10}},"5":{"start":{"line":28,"column":4},"end":{"line":30,"column":5}},"6":{"start":{"line":29,"column":26},"end":{"line":29,"column":81}},"7":{"start":{"line":32,"column":4},"end":{"line":43,"column":6}}},"fnMap":{"0":{"name":"(anonymous_0)","decl":{"start":{"line":7,"column":2},"end":{"line":7,"column":3}},"loc":{"start":{"line":7,"column":21},"end":{"line":9,"column":3}},"line":7},"1":{"name":"(anonymous_1)","decl":{"start":{"line":11,"column":2},"end":{"line":11,"column":3}},"loc":{"start":{"line":11,"column":11},"end":{"line":44,"column":3}},"line":11},"2":{"name":"(anonymous_2)","decl":{"start":{"line":18,"column":45},"end":{"line":18,"column":46}},"loc":{"start":{"line":19,"column":8},"end":{"line":24,"column":10}},"line":19}},"branchMap":{"0":{"loc":{"start":{"line":14,"column":4},"end":{"line":26,"column":5}},"type":"if","locations":[{"start":{"line":14,"column":4},"end":{"line":26,"column":5}},{"start":{"line":14,"column":4},"end":{"line":26,"column":5}}],"line":14},"1":{"loc":{"start":{"line":28,"column":4},"end":{"line":30,"column":5}},"type":"if","locations":[{"start":{"line":28,"column":4},"end":{"line":30,"column":5}},{"start":{"line":28,"column":4},"end":{"line":30,"column":5}}],"line":28}},"s":{"0":1,"1":1,"2":0,"3":1,"4":1,"5":1,"6":0,"7":1},"f":{"0":1,"1":1,"2":1},"b":{"0":[0,1],"1":[0,1]},"_coverageSchema":"332fd63041d2c1bcb487cc26dd0d5f7d97098a6c","hash":"b810cdfd4ce36781fec567803bb3fd041828da2f"}
,"/Users/jacobbogart/Turing/queenly/src/components/SearchSuggestion.js": {"path":"/Users/jacobbogart/Turing/queenly/src/components/SearchSuggestion.js","statementMap":{"0":{"start":{"line":6,"column":4},"end":{"line":6,"column":17}},"1":{"start":{"line":10,"column":4},"end":{"line":10,"column":51}},"2":{"start":{"line":14,"column":4},"end":{"line":20,"column":6}}},"fnMap":{"0":{"name":"(anonymous_0)","decl":{"start":{"line":5,"column":2},"end":{"line":5,"column":3}},"loc":{"start":{"line":5,"column":21},"end":{"line":7,"column":3}},"line":5},"1":{"name":"(anonymous_1)","decl":{"start":{"line":9,"column":14},"end":{"line":9,"column":15}},"loc":{"start":{"line":9,"column":20},"end":{"line":11,"column":3}},"line":9},"2":{"name":"(anonymous_2)","decl":{"start":{"line":13,"column":2},"end":{"line":13,"column":3}},"loc":{"start":{"line":13,"column":11},"end":{"line":21,"column":3}},"line":13}},"branchMap":{},"s":{"0":2,"1":1,"2":2},"f":{"0":2,"1":1,"2":2},"b":{},"_coverageSchema":"332fd63041d2c1bcb487cc26dd0d5f7d97098a6c","hash":"46773abdf1caeeb53bec1f8e3e2603778a2a9040"}
,"/Users/jacobbogart/Turing/queenly/src/components/Show_Main.js": {"path":"/Users/jacobbogart/Turing/queenly/src/components/Show_Main.js","statementMap":{"0":{"start":{"line":7,"column":4},"end":{"line":7,"column":17}},"1":{"start":{"line":8,"column":4},"end":{"line":8,"column":20}},"2":{"start":{"line":12,"column":4},"end":{"line":25,"column":5}},"3":{"start":{"line":13,"column":6},"end":{"line":22,"column":7}},"4":{"start":{"line":15,"column":10},"end":{"line":15,"column":22}},"5":{"start":{"line":17,"column":10},"end":{"line":17,"column":33}},"6":{"start":{"line":19,"column":10},"end":{"line":19,"column":46}},"7":{"start":{"line":21,"column":10},"end":{"line":21,"column":46}},"8":{"start":{"line":24,"column":6},"end":{"line":24,"column":18}},"9":{"start":{"line":29,"column":4},"end":{"line":29,"column":46}},"10":{"start":{"line":33,"column":19},"end":{"line":33,"column":55}},"11":{"start":{"line":35,"column":4},"end":{"line":37,"column":21}},"12":{"start":{"line":85,"column":8},"end":{"line":85,"column":27}},"13":{"start":{"line":87,"column":4},"end":{"line":105,"column":6}}},"fnMap":{"0":{"name":"(anonymous_0)","decl":{"start":{"line":6,"column":2},"end":{"line":6,"column":3}},"loc":{"start":{"line":6,"column":21},"end":{"line":9,"column":3}},"line":6},"1":{"name":"(anonymous_1)","decl":{"start":{"line":11,"column":19},"end":{"line":11,"column":20}},"loc":{"start":{"line":11,"column":27},"end":{"line":26,"column":3}},"line":11},"2":{"name":"(anonymous_2)","decl":{"start":{"line":28,"column":24},"end":{"line":28,"column":25}},"loc":{"start":{"line":28,"column":38},"end":{"line":30,"column":3}},"line":28},"3":{"name":"(anonymous_3)","decl":{"start":{"line":32,"column":16},"end":{"line":32,"column":17}},"loc":{"start":{"line":32,"column":54},"end":{"line":38,"column":3}},"line":32},"4":{"name":"(anonymous_4)","decl":{"start":{"line":40,"column":16},"end":{"line":40,"column":17}},"loc":{"start":{"line":40,"column":29},"end":{"line":49,"column":3}},"line":40},"5":{"name":"(anonymous_5)","decl":{"start":{"line":76,"column":2},"end":{"line":76,"column":3}},"loc":{"start":{"line":76,"column":11},"end":{"line":106,"column":3}},"line":76}},"branchMap":{"0":{"loc":{"start":{"line":12,"column":4},"end":{"line":25,"column":5}},"type":"if","locations":[{"start":{"line":12,"column":4},"end":{"line":25,"column":5}},{"start":{"line":12,"column":4},"end":{"line":25,"column":5}}],"line":12},"1":{"loc":{"start":{"line":13,"column":6},"end":{"line":22,"column":7}},"type":"switch","locations":[{"start":{"line":14,"column":8},"end":{"line":15,"column":22}},{"start":{"line":16,"column":8},"end":{"line":17,"column":33}},{"start":{"line":18,"column":8},"end":{"line":19,"column":46}},{"start":{"line":20,"column":8},"end":{"line":21,"column":46}}],"line":13},"2":{"loc":{"start":{"line":29,"column":11},"end":{"line":29,"column":45}},"type":"cond-expr","locations":[{"start":{"line":29,"column":24},"end":{"line":29,"column":31}},{"start":{"line":29,"column":34},"end":{"line":29,"column":45}}],"line":29},"3":{"loc":{"start":{"line":91,"column":11},"end":{"line":96,"column":11}},"type":"cond-expr","locations":[{"start":{"line":91,"column":20},"end":{"line":91,"column":24}},{"start":{"line":92,"column":12},"end":{"line":95,"column":18}}],"line":91}},"s":{"0":1,"1":1,"2":1,"3":1,"4":0,"5":1,"6":0,"7":0,"8":0,"9":1,"10":1,"11":1,"12":1,"13":1},"f":{"0":1,"1":1,"2":1,"3":1,"4":1,"5":1},"b":{"0":[1,0],"1":[0,1,0,0],"2":[1,0],"3":[1,0]},"_coverageSchema":"332fd63041d2c1bcb487cc26dd0d5f7d97098a6c","hash":"e26f8704888d4df9118cb8105751fe90df3ed0b3"}
,"/Users/jacobbogart/Turing/queenly/src/components/SplashPage.js": {"path":"/Users/jacobbogart/Turing/queenly/src/components/SplashPage.js","statementMap":{"0":{"start":{"line":5,"column":19},"end":{"line":12,"column":1}},"1":{"start":{"line":6,"column":2},"end":{"line":11,"column":4}}},"fnMap":{"0":{"name":"(anonymous_0)","decl":{"start":{"line":5,"column":19},"end":{"line":5,"column":20}},"loc":{"start":{"line":5,"column":28},"end":{"line":12,"column":1}},"line":5}},"branchMap":{},"s":{"0":2,"1":1},"f":{"0":1},"b":{},"_coverageSchema":"332fd63041d2c1bcb487cc26dd0d5f7d97098a6c","hash":"9a5bb78a652e6b3375c941275c3888c91d481a87"}
,"/Users/jacobbogart/Turing/queenly/src/components/Sub_Info.js": {"path":"/Users/jacobbogart/Turing/queenly/src/components/Sub_Info.js","statementMap":{"0":{"start":{"line":7,"column":4},"end":{"line":7,"column":17}},"1":{"start":{"line":13,"column":4},"end":{"line":23,"column":5}},"2":{"start":{"line":14,"column":6},"end":{"line":14,"column":38}},"3":{"start":{"line":15,"column":11},"end":{"line":23,"column":5}},"4":{"start":{"line":16,"column":6},"end":{"line":18,"column":43}},"5":{"start":{"line":20,"column":6},"end":{"line":22,"column":43}},"6":{"start":{"line":26,"column":6},"end":{"line":26,"column":30}},"7":{"start":{"line":29,"column":4},"end":{"line":36,"column":6}}},"fnMap":{"0":{"name":"(anonymous_0)","decl":{"start":{"line":6,"column":2},"end":{"line":6,"column":3}},"loc":{"start":{"line":6,"column":21},"end":{"line":8,"column":3}},"line":6},"1":{"name":"(anonymous_1)","decl":{"start":{"line":10,"column":2},"end":{"line":10,"column":3}},"loc":{"start":{"line":10,"column":11},"end":{"line":37,"column":3}},"line":10},"2":{"name":"createMarkup","decl":{"start":{"line":25,"column":13},"end":{"line":25,"column":25}},"loc":{"start":{"line":25,"column":28},"end":{"line":27,"column":5}},"line":25}},"branchMap":{"0":{"loc":{"start":{"line":13,"column":4},"end":{"line":23,"column":5}},"type":"if","locations":[{"start":{"line":13,"column":4},"end":{"line":23,"column":5}},{"start":{"line":13,"column":4},"end":{"line":23,"column":5}}],"line":13},"1":{"loc":{"start":{"line":15,"column":11},"end":{"line":23,"column":5}},"type":"if","locations":[{"start":{"line":15,"column":11},"end":{"line":23,"column":5}},{"start":{"line":15,"column":11},"end":{"line":23,"column":5}}],"line":15}},"s":{"0":1,"1":1,"2":1,"3":0,"4":0,"5":0,"6":1,"7":1},"f":{"0":1,"1":1,"2":1},"b":{"0":[1,0],"1":[0,0]},"_coverageSchema":"332fd63041d2c1bcb487cc26dd0d5f7d97098a6c","hash":"369b7ea54a923a961a6229f938df642d7ea0459d"}
,"/Users/jacobbogart/Turing/queenly/src/components/Thumbnail.js": {"path":"/Users/jacobbogart/Turing/queenly/src/components/Thumbnail.js","statementMap":{"0":{"start":{"line":8,"column":4},"end":{"line":8,"column":17}},"1":{"start":{"line":12,"column":4},"end":{"line":12,"column":51}},"2":{"start":{"line":16,"column":4},"end":{"line":26,"column":5}}},"fnMap":{"0":{"name":"(anonymous_0)","decl":{"start":{"line":7,"column":2},"end":{"line":7,"column":3}},"loc":{"start":{"line":7,"column":21},"end":{"line":9,"column":3}},"line":7},"1":{"name":"(anonymous_1)","decl":{"start":{"line":11,"column":14},"end":{"line":11,"column":15}},"loc":{"start":{"line":11,"column":20},"end":{"line":13,"column":3}},"line":11},"2":{"name":"(anonymous_2)","decl":{"start":{"line":15,"column":2},"end":{"line":15,"column":3}},"loc":{"start":{"line":15,"column":11},"end":{"line":27,"column":3}},"line":15}},"branchMap":{},"s":{"0":2,"1":1,"2":2},"f":{"0":2,"1":1,"2":2},"b":{},"_coverageSchema":"332fd63041d2c1bcb487cc26dd0d5f7d97098a6c","hash":"488c8f825c0a3cc4e4d287a55bfc9a96f011c8d5"}
}
