TN:
SF:/Users/jacobbogart/Turing/queenly/src/helpers.js
FN:1,search
FN:10,searchBars
FN:13,(anonymous_2)
FN:16,(anonymous_3)
FN:21,searchShows
FN:24,(anonymous_5)
FN:25,(anonymous_6)
FN:28,(anonymous_7)
FN:33,searchQueens
FN:36,(anonymous_9)
FN:39,(anonymous_10)
FNF:11
FNH:10
FNDA:4,search
FNDA:5,searchBars
FNDA:5,(anonymous_2)
FNDA:5,(anonymous_3)
FNDA:5,searchShows
FNDA:5,(anonymous_5)
FNDA:5,(anonymous_6)
FNDA:1,(anonymous_7)
FNDA:5,searchQueens
FNDA:4,(anonymous_9)
FNDA:0,(anonymous_10)
DA:2,4
DA:3,4
DA:4,4
DA:5,4
DA:7,4
DA:11,5
DA:12,5
DA:13,5
DA:14,5
DA:16,5
DA:18,5
DA:22,5
DA:23,5
DA:24,5
DA:25,5
DA:26,5
DA:28,5
DA:30,5
DA:34,5
DA:35,5
DA:36,5
DA:37,4
DA:39,5
DA:41,5
LF:24
LH:24
BRF:0
BRH:0
end_of_record
TN:
SF:/Users/jacobbogart/Turing/queenly/src/index.js
FNF:0
FNH:0
DA:1,0
DA:2,0
DA:3,0
DA:4,0
DA:6,0
LF:5
LH:0
BRF:0
BRH:0
end_of_record
TN:
SF:/Users/jacobbogart/Turing/queenly/src/setupTests.js
FNF:0
FNH:0
DA:4,15
LF:1
LH:1
BRF:0
BRH:0
end_of_record
TN:
SF:/Users/jacobbogart/Turing/queenly/src/components/App.js
FN:12,(anonymous_0)
FN:28,(anonymous_1)
FN:36,(anonymous_2)
FN:37,(anonymous_3)
FN:38,(anonymous_4)
FN:43,(anonymous_5)
FN:44,(anonymous_6)
FN:45,(anonymous_7)
FN:48,(anonymous_8)
FN:54,(anonymous_9)
FN:65,(anonymous_10)
FN:71,(anonymous_11)
FN:84,(anonymous_12)
FN:92,(anonymous_13)
FN:101,(anonymous_14)
FN:115,(anonymous_15)
FN:123,(anonymous_16)
FN:129,(anonymous_17)
FNF:18
FNH:12
FNDA:13,(anonymous_0)
FNDA:13,(anonymous_1)
FNDA:0,(anonymous_2)
FNDA:0,(anonymous_3)
FNDA:0,(anonymous_4)
FNDA:0,(anonymous_5)
FNDA:0,(anonymous_6)
FNDA:0,(anonymous_7)
FNDA:1,(anonymous_8)
FNDA:1,(anonymous_9)
FNDA:1,(anonymous_10)
FNDA:3,(anonymous_11)
FNDA:3,(anonymous_12)
FNDA:2,(anonymous_13)
FNDA:1,(anonymous_14)
FNDA:1,(anonymous_15)
FNDA:1,(anonymous_16)
FNDA:45,(anonymous_17)
DA:13,13
DA:14,13
DA:29,13
DA:30,13
DA:33,13
DA:36,0
DA:37,0
DA:38,0
DA:40,13
DA:43,0
DA:44,0
DA:45,0
DA:49,1
DA:55,1
DA:66,1
DA:72,3
DA:73,2
DA:76,3
DA:85,3
DA:93,2
DA:102,1
DA:109,1
DA:116,1
DA:124,1
DA:133,45
DA:144,45
DA:152,45
DA:162,45
DA:163,35
DA:164,10
DA:165,3
DA:167,7
DA:170,45
LF:33
LH:27
BRDA:55,0,0,1
BRDA:55,0,1,0
BRDA:72,1,0,2
BRDA:72,1,1,1
BRDA:72,2,0,3
BRDA:72,2,1,1
BRDA:106,3,0,1
BRDA:106,3,1,1
BRDA:162,4,0,35
BRDA:162,4,1,10
BRDA:164,5,0,3
BRDA:164,5,1,7
BRF:12
BRH:11
end_of_record
TN:
SF:/Users/jacobbogart/Turing/queenly/src/components/Bar_Main.js
FN:7,(anonymous_0)
FN:11,(anonymous_1)
FNF:2
FNH:2
FNDA:1,(anonymous_0)
FNDA:1,(anonymous_1)
DA:8,1
DA:13,1
DA:15,1
DA:17,1
LF:4
LH:4
BRDA:30,0,0,1
BRDA:30,0,1,0
BRF:2
BRH:1
end_of_record
TN:
SF:/Users/jacobbogart/Turing/queenly/src/components/Card.js
FN:14,(anonymous_0)
FN:30,(anonymous_1)
FN:34,(anonymous_2)
FN:36,(anonymous_3)
FN:45,(anonymous_4)
FN:56,(anonymous_5)
FN:58,(anonymous_6)
FN:64,(anonymous_7)
FN:78,(anonymous_8)
FN:85,(anonymous_9)
FNF:10
FNH:9
FNDA:7,(anonymous_0)
FNDA:7,(anonymous_1)
FNDA:7,(anonymous_2)
FNDA:0,(anonymous_3)
FNDA:6,(anonymous_4)
FNDA:1,(anonymous_5)
FNDA:1,(anonymous_6)
FNDA:2,(anonymous_7)
FNDA:13,(anonymous_8)
FNDA:2,(anonymous_9)
DA:15,7
DA:17,7
DA:31,7
DA:35,7
DA:36,3
DA:37,3
DA:38,0
DA:46,6
DA:47,2
DA:49,4
DA:51,6
DA:57,1
DA:58,1
DA:59,1
DA:60,1
DA:61,1
DA:66,2
DA:67,0
DA:68,0
DA:69,0
DA:71,2
DA:72,2
DA:74,2
DA:79,13
DA:80,13
DA:82,13
DA:84,13
DA:85,9
DA:86,9
DA:87,2
DA:91,13
DA:92,13
DA:97,13
DA:98,0
DA:99,0
DA:104,0
DA:106,0
DA:111,0
DA:114,13
LF:39
LH:30
BRDA:35,0,0,3
BRDA:35,0,1,4
BRDA:37,1,0,0
BRDA:37,1,1,3
BRDA:46,2,0,2
BRDA:46,2,1,4
BRDA:66,3,0,0
BRDA:66,3,1,2
BRDA:84,4,0,9
BRDA:84,4,1,4
BRDA:86,5,0,2
BRDA:86,5,1,7
BRDA:91,6,0,13
BRDA:91,6,1,0
BRDA:98,7,0,0
BRDA:98,7,1,0
BRF:16
BRH:11
end_of_record
TN:
SF:/Users/jacobbogart/Turing/queenly/src/components/Favorites.js
FN:4,(anonymous_0)
FN:8,(anonymous_1)
FN:13,(anonymous_2)
FNF:3
FNH:3
FNDA:2,(anonymous_0)
FNDA:1,(anonymous_1)
FNDA:2,(anonymous_2)
DA:5,2
DA:9,1
DA:10,1
DA:14,2
LF:4
LH:4
BRF:0
BRH:0
end_of_record
TN:
SF:/Users/jacobbogart/Turing/queenly/src/components/Gallery.js
FN:9,(anonymous_0)
FN:13,(anonymous_1)
FN:19,(anonymous_2)
FN:22,(anonymous_3)
FN:28,(anonymous_4)
FNF:5
FNH:2
FNDA:1,(anonymous_0)
FNDA:1,(anonymous_1)
FNDA:0,(anonymous_2)
FNDA:0,(anonymous_3)
FNDA:0,(anonymous_4)
DA:10,1
DA:16,1
DA:17,0
DA:18,1
DA:19,1
DA:20,0
DA:21,0
DA:22,0
DA:23,0
DA:26,1
DA:29,0
LF:11
LH:5
BRDA:16,0,0,0
BRDA:16,0,1,1
BRDA:18,1,0,1
BRDA:18,1,1,0
BRDA:20,2,0,0
BRDA:20,2,1,0
BRF:6
BRH:2
end_of_record
TN:
SF:/Users/jacobbogart/Turing/queenly/src/components/Hamburger.js
FN:4,(anonymous_0)
FN:11,(anonymous_1)
FN:17,(anonymous_2)
FN:21,(anonymous_3)
FN:27,(anonymous_4)
FNF:5
FNH:5
FNDA:5,(anonymous_0)
FNDA:3,(anonymous_1)
FNDA:1,(anonymous_2)
FNDA:1,(anonymous_3)
FNDA:9,(anonymous_4)
DA:5,5
DA:6,5
DA:12,3
DA:18,1
DA:22,1
DA:23,1
DA:24,1
DA:28,9
DA:29,2
DA:55,7
LF:10
LH:10
BRDA:12,0,0,1
BRDA:12,0,1,2
BRDA:28,1,0,2
BRDA:28,1,1,7
BRF:4
BRH:4
end_of_record
TN:
SF:/Users/jacobbogart/Turing/queenly/src/components/NavBar.js
FN:8,(anonymous_0)
FN:12,(anonymous_1)
FN:16,(anonymous_2)
FNF:3
FNH:3
FNDA:7,(anonymous_0)
FNDA:1,(anonymous_1)
FNDA:7,(anonymous_2)
DA:9,7
DA:13,1
DA:17,7
DA:19,5
DA:21,5
DA:24,7
LF:6
LH:6
BRDA:17,0,0,5
BRDA:17,0,1,2
BRF:2
BRH:2
end_of_record
TN:
SF:/Users/jacobbogart/Turing/queenly/src/components/Queen_Main.js
FN:6,(anonymous_0)
FN:10,(anonymous_1)
FNF:2
FNH:2
FNDA:1,(anonymous_0)
FNDA:1,(anonymous_1)
DA:7,1
DA:12,1
DA:14,1
DA:16,1
LF:4
LH:4
BRF:0
BRH:0
end_of_record
TN:
SF:/Users/jacobbogart/Turing/queenly/src/components/SearchBar.js
FN:6,(anonymous_0)
FN:13,(anonymous_1)
FN:22,(anonymous_2)
FN:29,(anonymous_3)
FN:34,(anonymous_4)
FN:43,(anonymous_5)
FN:58,(anonymous_6)
FNF:7
FNH:5
FNDA:6,(anonymous_0)
FNDA:1,(anonymous_1)
FNDA:3,(anonymous_2)
FNDA:0,(anonymous_3)
FNDA:7,(anonymous_4)
FNDA:0,(anonymous_5)
FNDA:7,(anonymous_6)
DA:7,6
DA:8,6
DA:14,1
DA:15,1
DA:16,1
DA:23,3
DA:24,3
DA:25,3
DA:26,3
DA:30,0
DA:35,7
DA:43,0
DA:59,7
LF:13
LH:11
BRDA:14,0,0,1
BRDA:14,0,1,0
BRDA:55,1,0,0
BRDA:55,1,1,7
BRF:4
BRH:2
end_of_record
TN:
SF:/Users/jacobbogart/Turing/queenly/src/components/SearchResults.js
FN:7,(anonymous_0)
FN:11,(anonymous_1)
FN:18,(anonymous_2)
FNF:3
FNH:3
FNDA:1,(anonymous_0)
FNDA:1,(anonymous_1)
FNDA:1,(anonymous_2)
DA:8,1
DA:14,1
DA:15,0
DA:18,1
DA:19,1
DA:28,1
DA:29,0
DA:32,1
LF:8
LH:6
BRDA:14,0,0,0
BRDA:14,0,1,1
BRDA:28,1,0,0
BRDA:28,1,1,1
BRF:4
BRH:2
end_of_record
TN:
SF:/Users/jacobbogart/Turing/queenly/src/components/SearchSuggestion.js
FN:5,(anonymous_0)
FN:9,(anonymous_1)
FN:13,(anonymous_2)
FNF:3
FNH:3
FNDA:2,(anonymous_0)
FNDA:1,(anonymous_1)
FNDA:2,(anonymous_2)
DA:6,2
DA:10,1
DA:14,2
LF:3
LH:3
BRF:0
BRH:0
end_of_record
TN:
SF:/Users/jacobbogart/Turing/queenly/src/components/Show_Main.js
FN:6,(anonymous_0)
FN:11,(anonymous_1)
FN:28,(anonymous_2)
FN:32,(anonymous_3)
FN:40,(anonymous_4)
FN:76,(anonymous_5)
FNF:6
FNH:6
FNDA:1,(anonymous_0)
FNDA:1,(anonymous_1)
FNDA:1,(anonymous_2)
FNDA:1,(anonymous_3)
FNDA:1,(anonymous_4)
FNDA:1,(anonymous_5)
DA:7,1
DA:8,1
DA:12,1
DA:13,1
DA:15,0
DA:17,1
DA:19,0
DA:21,0
DA:24,0
DA:29,1
DA:33,1
DA:35,1
DA:85,1
DA:87,1
LF:14
LH:10
BRDA:12,0,0,1
BRDA:12,0,1,0
BRDA:13,1,0,0
BRDA:13,1,1,1
BRDA:13,1,2,0
BRDA:13,1,3,0
BRDA:29,2,0,1
BRDA:29,2,1,0
BRDA:91,3,0,1
BRDA:91,3,1,0
BRF:10
BRH:4
end_of_record
TN:
SF:/Users/jacobbogart/Turing/queenly/src/components/SplashPage.js
FN:5,(anonymous_0)
FNF:1
FNH:1
FNDA:1,(anonymous_0)
DA:5,2
DA:6,1
LF:2
LH:2
BRF:0
BRH:0
end_of_record
TN:
SF:/Users/jacobbogart/Turing/queenly/src/components/Sub_Info.js
FN:6,(anonymous_0)
FN:10,(anonymous_1)
FN:25,createMarkup
FNF:3
FNH:3
FNDA:1,(anonymous_0)
FNDA:1,(anonymous_1)
FNDA:1,createMarkup
DA:7,1
DA:13,1
DA:14,1
DA:15,0
DA:16,0
DA:20,0
DA:26,1
DA:29,1
LF:8
LH:5
BRDA:13,0,0,1
BRDA:13,0,1,0
BRDA:15,1,0,0
BRDA:15,1,1,0
BRF:4
BRH:1
end_of_record
TN:
SF:/Users/jacobbogart/Turing/queenly/src/components/Thumbnail.js
FN:7,(anonymous_0)
FN:11,(anonymous_1)
FN:15,(anonymous_2)
FNF:3
FNH:3
FNDA:2,(anonymous_0)
FNDA:1,(anonymous_1)
FNDA:2,(anonymous_2)
DA:8,2
DA:12,1
DA:16,2
LF:3
LH:3
BRF:0
BRH:0
end_of_record
