TN:
SF:/Users/jacobbogart/Turing/queenly/src/helpers.js
FN:1,search
FN:10,searchBars
FN:13,(anonymous_2)
FN:16,(anonymous_3)
FN:21,searchShows
FN:24,(anonymous_5)
FN:25,(anonymous_6)
FN:28,(anonymous_7)
FN:33,searchQueens
FN:36,(anonymous_9)
FN:39,(anonymous_10)
FNF:11
FNH:9
FNDA:4,search
FNDA:4,searchBars
FNDA:4,(anonymous_2)
FNDA:4,(anonymous_3)
FNDA:4,searchShows
FNDA:4,(anonymous_5)
FNDA:4,(anonymous_6)
FNDA:0,(anonymous_7)
FNDA:4,searchQueens
FNDA:4,(anonymous_9)
FNDA:0,(anonymous_10)
DA:2,4
DA:3,4
DA:4,4
DA:5,4
DA:7,4
DA:11,4
DA:12,4
DA:13,4
DA:14,4
DA:16,4
DA:18,4
DA:22,4
DA:23,4
DA:24,4
DA:25,4
DA:26,4
DA:28,4
DA:30,4
DA:34,4
DA:35,4
DA:36,4
DA:37,4
DA:39,4
DA:41,4
LF:24
LH:24
BRF:0
BRH:0
end_of_record
TN:
SF:/Users/jacobbogart/Turing/queenly/src/index.js
FNF:0
FNH:0
DA:1,0
DA:2,0
DA:3,0
DA:4,0
DA:6,0
LF:5
LH:0
BRF:0
BRH:0
end_of_record
TN:
SF:/Users/jacobbogart/Turing/queenly/src/setupTests.js
FNF:0
FNH:0
DA:4,11
LF:1
LH:1
BRF:0
BRH:0
end_of_record
TN:
SF:/Users/jacobbogart/Turing/queenly/src/components/App.js
FN:12,(anonymous_0)
FN:27,(anonymous_1)
FN:35,(anonymous_2)
FN:36,(anonymous_3)
FN:37,(anonymous_4)
FN:42,(anonymous_5)
FN:43,(anonymous_6)
FN:44,(anonymous_7)
FN:47,(anonymous_8)
FN:52,(anonymous_9)
FN:59,(anonymous_10)
FN:72,(anonymous_11)
FN:80,(anonymous_12)
FN:89,(anonymous_13)
FN:101,(anonymous_14)
FN:109,(anonymous_15)
FNF:16
FNH:9
FNDA:10,(anonymous_0)
FNDA:10,(anonymous_1)
FNDA:0,(anonymous_2)
FNDA:0,(anonymous_3)
FNDA:0,(anonymous_4)
FNDA:0,(anonymous_5)
FNDA:0,(anonymous_6)
FNDA:0,(anonymous_7)
FNDA:1,(anonymous_8)
FNDA:1,(anonymous_9)
FNDA:3,(anonymous_10)
FNDA:3,(anonymous_11)
FNDA:1,(anonymous_12)
FNDA:0,(anonymous_13)
FNDA:1,(anonymous_14)
FNDA:34,(anonymous_15)
DA:13,10
DA:14,10
DA:28,10
DA:29,10
DA:32,10
DA:35,0
DA:36,0
DA:37,0
DA:39,10
DA:42,0
DA:43,0
DA:44,0
DA:48,1
DA:53,1
DA:60,3
DA:61,2
DA:64,3
DA:73,3
DA:81,1
DA:90,0
DA:96,0
DA:102,1
DA:113,34
DA:124,34
DA:132,34
DA:141,34
DA:142,26
DA:143,8
DA:144,1
DA:146,7
DA:149,34
LF:31
LH:23
BRDA:60,0,0,2
BRDA:60,0,1,1
BRDA:60,1,0,3
BRDA:60,1,1,1
BRDA:94,2,0,0
BRDA:94,2,1,0
BRDA:141,3,0,26
BRDA:141,3,1,8
BRDA:143,4,0,1
BRDA:143,4,1,7
BRF:10
BRH:8
end_of_record
TN:
SF:/Users/jacobbogart/Turing/queenly/src/components/Bar_Main.js
FN:7,(anonymous_0)
FN:13,(anonymous_1)
FNF:2
FNH:2
FNDA:1,(anonymous_0)
FNDA:1,(anonymous_1)
DA:8,1
DA:9,1
DA:15,1
DA:17,1
DA:19,1
LF:5
LH:5
BRF:0
BRH:0
end_of_record
TN:
SF:/Users/jacobbogart/Turing/queenly/src/components/Card.js
FN:14,(anonymous_0)
FN:30,(anonymous_1)
FN:34,(anonymous_2)
FN:36,(anonymous_3)
FN:45,(anonymous_4)
FN:56,(anonymous_5)
FN:58,(anonymous_6)
FN:64,(anonymous_7)
FN:78,(anonymous_8)
FN:85,(anonymous_9)
FNF:10
FNH:4
FNDA:3,(anonymous_0)
FNDA:3,(anonymous_1)
FNDA:3,(anonymous_2)
FNDA:0,(anonymous_3)
FNDA:0,(anonymous_4)
FNDA:0,(anonymous_5)
FNDA:0,(anonymous_6)
FNDA:0,(anonymous_7)
FNDA:3,(anonymous_8)
FNDA:0,(anonymous_9)
DA:15,3
DA:17,3
DA:31,3
DA:35,3
DA:36,0
DA:37,0
DA:38,0
DA:46,0
DA:47,0
DA:49,0
DA:51,0
DA:57,0
DA:58,0
DA:59,0
DA:60,0
DA:61,0
DA:66,0
DA:67,0
DA:68,0
DA:69,0
DA:71,0
DA:72,0
DA:74,0
DA:79,3
DA:80,3
DA:82,3
DA:84,3
DA:85,0
DA:86,0
DA:87,0
DA:91,3
DA:92,3
DA:97,3
DA:98,0
DA:99,0
DA:104,0
DA:106,0
DA:111,0
DA:114,3
LF:39
LH:12
BRDA:35,0,0,0
BRDA:35,0,1,3
BRDA:37,1,0,0
BRDA:37,1,1,0
BRDA:46,2,0,0
BRDA:46,2,1,0
BRDA:66,3,0,0
BRDA:66,3,1,0
BRDA:84,4,0,0
BRDA:84,4,1,3
BRDA:86,5,0,0
BRDA:86,5,1,0
BRDA:91,6,0,3
BRDA:91,6,1,0
BRDA:98,7,0,0
BRDA:98,7,1,0
BRF:16
BRH:3
end_of_record
TN:
SF:/Users/jacobbogart/Turing/queenly/src/components/Favorites.js
FN:4,(anonymous_0)
FN:8,(anonymous_1)
FNF:2
FNH:0
FNDA:0,(anonymous_0)
FNDA:0,(anonymous_1)
DA:5,0
DA:9,0
LF:2
LH:0
BRF:0
BRH:0
end_of_record
TN:
SF:/Users/jacobbogart/Turing/queenly/src/components/Gallery.js
FN:9,(anonymous_0)
FN:15,(anonymous_1)
FN:21,(anonymous_2)
FN:24,(anonymous_3)
FN:31,(anonymous_4)
FNF:5
FNH:0
FNDA:0,(anonymous_0)
FNDA:0,(anonymous_1)
FNDA:0,(anonymous_2)
FNDA:0,(anonymous_3)
FNDA:0,(anonymous_4)
DA:10,0
DA:11,0
DA:12,0
DA:18,0
DA:19,0
DA:20,0
DA:21,0
DA:22,0
DA:23,0
DA:24,0
DA:25,0
DA:27,0
DA:29,0
DA:32,0
LF:14
LH:0
BRDA:12,0,0,0
BRDA:12,0,1,0
BRDA:18,1,0,0
BRDA:18,1,1,0
BRDA:20,2,0,0
BRDA:20,2,1,0
BRDA:22,3,0,0
BRDA:22,3,1,0
BRF:8
BRH:0
end_of_record
TN:
SF:/Users/jacobbogart/Turing/queenly/src/components/GalleryImage.js
FN:4,(anonymous_0)
FN:7,(anonymous_1)
FNF:2
FNH:0
FNDA:0,(anonymous_0)
FNDA:0,(anonymous_1)
DA:1,0
DA:5,0
DA:8,0
LF:3
LH:0
BRF:0
BRH:0
end_of_record
TN:
SF:/Users/jacobbogart/Turing/queenly/src/components/Hamburger.js
FN:4,(anonymous_0)
FN:11,(anonymous_1)
FN:17,(anonymous_2)
FN:23,(anonymous_3)
FNF:4
FNH:0
FNDA:0,(anonymous_0)
FNDA:0,(anonymous_1)
FNDA:0,(anonymous_2)
FNDA:0,(anonymous_3)
DA:5,0
DA:6,0
DA:12,0
DA:18,0
DA:19,0
DA:20,0
DA:24,0
DA:25,0
DA:61,0
LF:9
LH:0
BRDA:12,0,0,0
BRDA:12,0,1,0
BRDA:24,1,0,0
BRDA:24,1,1,0
BRF:4
BRH:0
end_of_record
TN:
SF:/Users/jacobbogart/Turing/queenly/src/components/NavBar.js
FN:7,(anonymous_0)
FN:11,(anonymous_1)
FNF:2
FNH:0
FNDA:0,(anonymous_0)
FNDA:0,(anonymous_1)
DA:8,0
DA:12,0
DA:13,0
DA:21,0
LF:4
LH:0
BRDA:12,0,0,0
BRDA:12,0,1,0
BRF:2
BRH:0
end_of_record
TN:
SF:/Users/jacobbogart/Turing/queenly/src/components/Queen_Main.js
FN:6,(anonymous_0)
FN:12,(anonymous_1)
FNF:2
FNH:2
FNDA:1,(anonymous_0)
FNDA:1,(anonymous_1)
DA:7,1
DA:8,1
DA:14,1
DA:16,1
DA:18,1
LF:5
LH:5
BRF:0
BRH:0
end_of_record
TN:
SF:/Users/jacobbogart/Turing/queenly/src/components/SearchBar.js
FN:6,(anonymous_0)
FN:14,(anonymous_1)
FN:26,(anonymous_2)
FN:31,(anonymous_3)
FN:37,(anonymous_4)
FN:58,(anonymous_5)
FNF:6
FNH:3
FNDA:2,(anonymous_0)
FNDA:0,(anonymous_1)
FNDA:0,(anonymous_2)
FNDA:0,(anonymous_3)
FNDA:2,(anonymous_4)
FNDA:2,(anonymous_5)
DA:7,2
DA:8,2
DA:15,0
DA:16,0
DA:17,0
DA:22,0
DA:27,0
DA:28,0
DA:32,0
DA:38,2
DA:59,2
LF:11
LH:4
BRDA:15,0,0,0
BRDA:15,0,1,0
BRDA:55,1,0,0
BRDA:55,1,1,2
BRF:4
BRH:1
end_of_record
TN:
SF:/Users/jacobbogart/Turing/queenly/src/components/SearchResults.js
FN:7,(anonymous_0)
FN:11,(anonymous_1)
FN:19,(anonymous_2)
FNF:3
FNH:3
FNDA:1,(anonymous_0)
FNDA:1,(anonymous_1)
FNDA:1,(anonymous_2)
DA:8,1
DA:14,1
DA:15,0
DA:19,1
DA:20,1
DA:29,1
LF:6
LH:5
BRDA:14,0,0,0
BRDA:14,0,1,1
BRF:2
BRH:1
end_of_record
TN:
SF:/Users/jacobbogart/Turing/queenly/src/components/SearchSuggestion.js
FN:5,(anonymous_0)
FN:9,(anonymous_1)
FN:13,(anonymous_2)
FNF:3
FNH:0
FNDA:0,(anonymous_0)
FNDA:0,(anonymous_1)
FNDA:0,(anonymous_2)
DA:6,0
DA:10,0
DA:14,0
LF:3
LH:0
BRF:0
BRH:0
end_of_record
TN:
SF:/Users/jacobbogart/Turing/queenly/src/components/Show_Main.js
FN:6,(anonymous_0)
FN:12,(anonymous_1)
FN:33,(anonymous_2)
FN:37,(anonymous_3)
FN:43,(anonymous_4)
FN:79,(anonymous_5)
FNF:6
FNH:6
FNDA:1,(anonymous_0)
FNDA:1,(anonymous_1)
FNDA:1,(anonymous_2)
FNDA:1,(anonymous_3)
FNDA:1,(anonymous_4)
FNDA:1,(anonymous_5)
DA:7,1
DA:8,1
DA:13,1
DA:14,1
DA:16,0
DA:17,0
DA:19,1
DA:20,0
DA:22,0
DA:23,0
DA:25,0
DA:26,0
DA:29,0
DA:34,1
DA:38,1
DA:40,1
DA:81,1
DA:83,1
LF:18
LH:10
BRDA:13,0,0,1
BRDA:13,0,1,0
BRDA:14,1,0,0
BRDA:14,1,1,1
BRDA:14,1,2,0
BRDA:14,1,3,0
BRDA:34,2,0,1
BRDA:34,2,1,0
BRF:8
BRH:3
end_of_record
TN:
SF:/Users/jacobbogart/Turing/queenly/src/components/SplashPage.js
FN:5,(anonymous_0)
FNF:1
FNH:1
FNDA:1,(anonymous_0)
DA:5,2
DA:6,1
LF:2
LH:2
BRF:0
BRH:0
end_of_record
TN:
SF:/Users/jacobbogart/Turing/queenly/src/components/Sub_Info.js
FN:6,(anonymous_0)
FN:12,(anonymous_1)
FN:27,createMarkup
FNF:3
FNH:3
FNDA:1,(anonymous_0)
FNDA:1,(anonymous_1)
FNDA:1,createMarkup
DA:7,1
DA:8,1
DA:15,1
DA:16,1
DA:17,0
DA:18,0
DA:22,0
DA:28,1
DA:31,1
LF:9
LH:6
BRDA:15,0,0,1
BRDA:15,0,1,0
BRDA:17,1,0,0
BRDA:17,1,1,0
BRF:4
BRH:1
end_of_record
TN:
SF:/Users/jacobbogart/Turing/queenly/src/components/Thumbnail.js
FN:7,(anonymous_0)
FN:14,(anonymous_1)
FN:18,(anonymous_2)
FNF:3
FNH:2
FNDA:1,(anonymous_0)
FNDA:0,(anonymous_1)
FNDA:1,(anonymous_2)
DA:8,1
DA:9,1
DA:15,0
DA:19,1
LF:4
LH:3
BRF:0
BRH:0
end_of_record
